\BOOKMARK [1][-]{section.1}{\376\377\000\300\000\040\000q\000u\000i\000\040\000s\000'\000a\000d\000r\000e\000s\000s\000e\000\040\000c\000e\000\040\000l\000i\000v\000r\000e}{}% 1
\BOOKMARK [1][-]{section.2}{\376\377\000C\000o\000n\000t\000e\000n\000u\000s}{}% 2
\BOOKMARK [2][-]{subsection.2.1}{\376\377\000C\000o\000n\000t\000e\000n\000u\000\040\0001\000\040\000:\000\040\000N\000o\000m\000b\000r\000e\000s\000\040\000r\000\351\000e\000l\000s\000,\000\040\000d\000r\000o\000i\000t\000e\000\040\000n\000u\000m\000\351\000r\000i\000q\000u\000e}{section.2}% 3
\BOOKMARK [3][-]{subsubsection.2.1.1}{\376\377\000S\000a\000v\000e\000z\000-\000v\000o\000u\000s\000\040\000c\000o\000m\000p\000t\000e\000r\000\040\000s\000u\000r\000\040\000v\000o\000s\000\040\000d\000o\000i\000g\000t\000s\000\040\000?}{subsection.2.1}% 4
\BOOKMARK [3][-]{subsubsection.2.1.2}{\376\377\000T\000o\000u\000t\000\040\000e\000s\000t\000\040\000r\000e\000l\000a\000t\000i\000f}{subsection.2.1}% 5
\BOOKMARK [3][-]{subsubsection.2.1.3}{\376\377\000L\000e\000s\000\040\000o\000r\000d\000i\000n\000a\000t\000e\000u\000r\000s\000\040\000s\000'\000e\000n\000\040\000c\000o\000n\000t\000e\000n\000t\000e\000n\000t}{subsection.2.1}% 6
\BOOKMARK [3][-]{subsubsection.2.1.4}{\376\377\000\312\000t\000e\000s\000-\000v\000o\000u\000s\000\040\000r\000a\000t\000i\000o\000n\000n\000e\000l\000s\000\040\000?}{subsection.2.1}% 7
\BOOKMARK [3][-]{subsubsection.2.1.5}{\376\377\000A\000u\000-\000d\000e\000l\000\340\000\040\000d\000u\000\040\000r\000\351\000e\000l}{subsection.2.1}% 8
\BOOKMARK [3][-]{subsubsection.2.1.6}{\376\377\000R\000a\000i\000s\000o\000n\000n\000e\000m\000e\000n\000t\000\040\000p\000a\000r\000\040\000c\000o\000n\000t\000r\000a\000p\000o\000s\000i\000t\000i\000o\000n}{subsection.2.1}% 9
\BOOKMARK [3][-]{subsubsection.2.1.7}{\376\377\000E\000x\000e\000r\000c\000i\000c\000e}{subsection.2.1}% 10
\BOOKMARK [3][-]{subsubsection.2.1.8}{\376\377\000E\000x\000e\000r\000c\000i\000c\000e\000\040\000P\000y\000t\000h\000o\000n}{subsection.2.1}% 11
\BOOKMARK [2][-]{subsection.2.2}{\376\377\000C\000o\000n\000t\000e\000n\000u\000\040\0002\000\040\000:\000\040\000I\000n\000t\000e\000r\000v\000a\000l\000l\000e\000s\000\040\000d\000e\000\040\000n\000o\000m\000b\000r\000e\000s\000\040\000r\000\351\000e\000l\000s}{section.2}% 12
\BOOKMARK [3][-]{subsubsection.2.2.1}{\376\377\000I\000n\000t\000r\000o\000d\000u\000c\000t\000i\000o\000n\000\040\000d\000e\000\040\000l\000a\000\040\000n\000o\000t\000i\000o\000n\000\040\000d\000'\000i\000n\000t\000e\000r\000v\000a\000l\000l\000e}{subsection.2.2}% 13
\BOOKMARK [3][-]{subsubsection.2.2.2}{\376\377\000E\000x\000e\000r\000c\000i\000c\000e}{subsection.2.2}% 14
\BOOKMARK [3][-]{subsubsection.2.2.3}{\376\377\000E\000x\000e\000r\000c\000i\000c\000e}{subsection.2.2}% 15
\BOOKMARK [3][-]{subsubsection.2.2.4}{\376\377\000P\000e\000t\000i\000t\000\040\000j\000e\000u}{subsection.2.2}% 16
\BOOKMARK [2][-]{subsection.2.3}{\376\377\000C\000o\000n\000t\000e\000n\000u\000\040\0003\000\040\000:\000\040\000D\000i\000s\000t\000a\000n\000c\000e\000s}{section.2}% 17
\BOOKMARK [3][-]{subsubsection.2.3.1}{\376\377\000I\000n\000t\000r\000o\000d\000u\000c\000t\000i\000o\000n\000\040\000d\000e\000\040\000l\000a\000\040\000n\000o\000t\000i\000o\000n\000\040\000d\000e\000\040\000d\000i\000s\000t\000a\000n\000c\000e}{subsection.2.3}% 18
\BOOKMARK [3][-]{subsubsection.2.3.2}{\376\377\000E\000x\000e\000r\000c\000i\000c\000e}{subsection.2.3}% 19
\BOOKMARK [3][-]{subsubsection.2.3.3}{\376\377\000E\000x\000e\000r\000c\000i\000c\000e}{subsection.2.3}% 20
\BOOKMARK [2][-]{subsection.2.4}{\376\377\000C\000o\000n\000t\000e\000n\000u\000\040\0004\000\040\000:\000\040\000D\000i\000s\000q\000u\000e\000s\000\040\000s\000u\000r\000\040\000l\000a\000\040\000d\000r\000o\000i\000t\000e\000\040\000r\000\351\000e\000l\000l\000e}{section.2}% 21
\BOOKMARK [3][-]{subsubsection.2.4.1}{\376\377\000I\000n\000t\000r\000o\000d\000u\000c\000t\000i\000o\000n\000\040\000d\000u\000\040\000c\000o\000n\000c\000e\000p\000t\000\040\000d\000'\000i\000n\000t\000e\000r\000v\000a\000l\000l\000e\000\040\000c\000e\000n\000t\000r\000\351}{subsection.2.4}% 22
\BOOKMARK [3][-]{subsubsection.2.4.2}{\376\377\000E\000x\000e\000r\000c\000i\000c\000e}{subsection.2.4}% 23
\BOOKMARK [3][-]{subsubsection.2.4.3}{\376\377\000U\000n\000e\000\040\000a\000u\000t\000r\000e\000\040\000p\000e\000r\000s\000p\000e\000c\000t\000i\000v\000e}{subsection.2.4}% 24
\BOOKMARK [3][-]{subsubsection.2.4.4}{\376\377\000F\000a\000i\000s\000o\000n\000s\000\040\000u\000n\000\040\000p\000e\000u\000\040\000d\000e\000\040\000p\000r\000o\000g\000r\000a\000m\000m\000a\000t\000i\000o\000n\000\040\000P\000y\000t\000h\000o\000n}{subsection.2.4}% 25
\BOOKMARK [3][-]{subsubsection.2.4.5}{\376\377\000E\000x\000e\000r\000c\000i\000c\000e}{subsection.2.4}% 26
\BOOKMARK [2][-]{subsection.2.5}{\376\377\000C\000o\000n\000t\000e\000n\000u\000\040\0005\000\040\000:\000\040\000N\000o\000m\000b\000r\000e\000s\000\040\000d\000\351\000c\000i\000m\000a\000u\000x}{section.2}% 27
\BOOKMARK [3][-]{subsubsection.2.5.1}{\376\377\000I\000n\000t\000r\000o\000d\000u\000c\000t\000i\000o\000n\000\040\000s\000u\000r\000\040\000l\000e\000s\000\040\000n\000o\000m\000b\000r\000e\000s\000\040\000d\000\351\000c\000i\000m\000a\000u\000x}{subsection.2.5}% 28
\BOOKMARK [3][-]{subsubsection.2.5.2}{\376\377\000E\000x\000e\000r\000c\000i\000c\000e}{subsection.2.5}% 29
\BOOKMARK [3][-]{subsubsection.2.5.3}{\376\377\000S\000o\000u\000v\000e\000n\000i\000r\000s\000\040\000s\000o\000u\000v\000e\000n\000i\000r\000s}{subsection.2.5}% 30
\BOOKMARK [2][-]{subsection.2.6}{\376\377\000C\000o\000n\000t\000e\000n\000u\000\040\0006\000\040\000:\000\040\000N\000o\000m\000b\000r\000e\000s\000\040\000r\000a\000t\000i\000o\000n\000n\000e\000l\000s}{section.2}% 31
\BOOKMARK [3][-]{subsubsection.2.6.1}{\376\377\000I\000n\000t\000r\000o\000d\000u\000c\000t\000i\000o\000n\000\040\000a\000u\000x\000\040\000n\000o\000m\000b\000r\000e\000s\000\040\000r\000a\000t\000i\000o\000n\000n\000e\000l\000s}{subsection.2.6}% 32
\BOOKMARK [3][-]{subsubsection.2.6.2}{\376\377\000E\000x\000e\000r\000c\000i\000c\000e}{subsection.2.6}% 33
\BOOKMARK [3][-]{subsubsection.2.6.3}{\376\377\000P\000e\000t\000i\000t\000e\000\040\000a\000s\000t\000u\000c\000e}{subsection.2.6}% 34
\BOOKMARK [3][-]{subsubsection.2.6.4}{\376\377\000L\000e\000s\000\040\000n\000o\000m\000b\000r\000e\000s\000\040\000i\000r\000r\000a\000t\000i\000o\000n\000n\000e\000l\000s}{subsection.2.6}% 35
\BOOKMARK [3][-]{subsubsection.2.6.5}{\376\377\000E\000x\000e\000r\000c\000i\000c\000e}{subsection.2.6}% 36
\BOOKMARK [3][-]{subsubsection.2.6.6}{\376\377\000G\000\351\000n\000\351\000r\000a\000l\000i\000s\000a\000t\000i\000o\000n}{subsection.2.6}% 37
\BOOKMARK [3][-]{subsubsection.2.6.7}{\376\377\000E\000x\000e\000r\000c\000i\000c\000e}{subsection.2.6}% 38
\BOOKMARK [3][-]{subsubsection.2.6.8}{\376\377\000P\000r\000o\000b\000a\000b\000l\000e\000m\000e\000n\000t\000\040\000i\000r\000r\000a\000t\000i\000o\000n\000n\000e\000l}{subsection.2.6}% 39
\BOOKMARK [1][-]{section.3}{\376\377\000C\000a\000p\000a\000c\000i\000t\000\351\000s\000\040\000a\000t\000t\000e\000n\000d\000u\000e\000s}{}% 40
\BOOKMARK [2][-]{subsection.3.1}{\376\377\000R\000a\000p\000p\000e\000l\000s\000\040\000c\000o\000n\000c\000e\000r\000n\000a\000n\000t\000\040\000l\000e\000s\000\040\000c\000a\000p\000a\000c\000i\000t\000\351\000s\000\040\000a\000t\000t\000e\000n\000d\000u\000e\000s}{section.3}% 41
\BOOKMARK [2][-]{subsection.3.2}{\376\377\000C\000a\000p\000a\000c\000i\000t\000\351\000\040\000a\000t\000t\000e\000n\000d\000u\000e\000\040\000n\000u\000m\000\351\000r\000o\000\040\0001}{section.3}% 42
\BOOKMARK [3][-]{subsubsection.3.2.1}{\376\377\000C\000o\000d\000e\000\040\000p\000o\000u\000r\000\040\000c\000o\000n\000s\000t\000r\000u\000i\000r\000e\000\040\000l\000e\000s\000\040\000p\000o\000i\000n\000t\000s}{subsection.3.2}% 43
\BOOKMARK [3][-]{subsubsection.3.2.2}{\376\377\000E\000x\000e\000r\000c\000i\000c\000e}{subsection.3.2}% 44
\BOOKMARK [2][-]{subsection.3.3}{\376\377\000C\000a\000p\000a\000c\000i\000t\000\351\000\040\000a\000t\000t\000e\000n\000d\000u\000e\000\040\000n\000u\000m\000\351\000r\000o\000\040\0002}{section.3}% 45
\BOOKMARK [3][-]{subsubsection.3.3.1}{\376\377\000P\000l\000a\000c\000e\000m\000e\000n\000t\000\040\000d\000e\000s\000\040\000a\000b\000s\000c\000i\000s\000s\000e\000s\000\040\000s\000u\000r\000\040\000l\000a\000\040\000d\000r\000o\000i\000t\000e\000\040\000r\000\351\000e\000l\000l\000e}{subsection.3.3}% 46
\BOOKMARK [3][-]{subsubsection.3.3.2}{\376\377\000E\000x\000e\000r\000c\000i\000c\000e}{subsection.3.3}% 47
\BOOKMARK [2][-]{subsection.3.4}{\376\377\000C\000a\000p\000a\000c\000i\000t\000\351\000\040\000a\000t\000t\000e\000n\000d\000u\000e\000\040\000n\000u\000m\000\351\000r\000o\000\040\0003}{section.3}% 48
\BOOKMARK [3][-]{subsubsection.3.4.1}{\376\377\000E\000x\000e\000r\000c\000i\000c\000e}{subsection.3.4}% 49
\BOOKMARK [3][-]{subsubsection.3.4.2}{\376\377\000E\000x\000e\000r\000c\000i\000c\000e}{subsection.3.4}% 50
\BOOKMARK [2][-]{subsection.3.5}{\376\377\000C\000a\000p\000a\000c\000i\000t\000\351\000\040\000a\000t\000t\000e\000n\000d\000u\000e\000\040\000n\000u\000m\000\351\000r\000o\000\040\0004}{section.3}% 51
\BOOKMARK [3][-]{subsubsection.3.5.1}{\376\377\000E\000x\000e\000m\000p\000l\000e}{subsection.3.5}% 52
\BOOKMARK [3][-]{subsubsection.3.5.2}{\376\377\000E\000x\000e\000r\000c\000i\000c\000e}{subsection.3.5}% 53
\BOOKMARK [1][-]{section.4}{\376\377\000D\000\351\000m\000o\000n\000s\000t\000r\000a\000t\000i\000o\000n\000s}{}% 54
\BOOKMARK [2][-]{subsection.4.1}{\376\377\000R\000a\000p\000p\000e\000l\000s\000\040\000d\000e\000s\000\040\000\351\000l\000\351\000m\000e\000n\000t\000s\000\040\000d\000u\000\040\000p\000r\000o\000g\000r\000a\000m\000m\000e\000\040\000o\000f\000f\000i\000c\000i\000e\000l}{section.4}% 55
\BOOKMARK [2][-]{subsection.4.2}{\376\377\000D\000\351\000m\000o\000n\000s\000t\000r\000a\000t\000i\000o\000n\000\040\000n\000u\000m\000\351\000r\000o\000\040\0001}{section.4}% 56
\BOOKMARK [3][-]{subsubsection.4.2.1}{\376\377\000\300\000\040\000l\000a\000\040\000m\000a\000i\000n}{subsection.4.2}% 57
\BOOKMARK [3][-]{subsubsection.4.2.2}{\376\377\000A\000v\000e\000c\000\040\000P\000y\000t\000h\000o\000n}{subsection.4.2}% 58
\BOOKMARK [1][-]{section.5}{\376\377\000E\000x\000e\000m\000p\000l\000e\000\040\000d\000'\000a\000l\000g\000o\000r\000i\000t\000h\000m\000e}{}% 59
\BOOKMARK [2][-]{subsection.5.1}{\376\377\000R\000a\000p\000p\000e\000l\000\040\000d\000e\000s\000\040\000\351\000l\000\351\000m\000e\000n\000t\000s\000\040\000d\000u\000\040\000p\000r\000o\000g\000r\000a\000m\000m\000e\000\040\000o\000f\000f\000i\000c\000i\000e\000l}{section.5}% 60
\BOOKMARK [2][-]{subsection.5.2}{\376\377\000P\000e\000t\000i\000t\000e\000s\000\040\000e\000x\000p\000l\000i\000c\000a\000t\000i\000o\000n\000s}{section.5}% 61
\BOOKMARK [2][-]{subsection.5.3}{\376\377\000L\000e\000\040\000c\000o\000d\000e}{section.5}% 62
\BOOKMARK [1][-]{section.6}{\376\377\000A\000p\000p\000r\000o\000f\000o\000n\000d\000i\000s\000s\000e\000m\000e\000n\000t\000s\000\040\000p\000o\000s\000s\000i\000b\000l\000e\000s}{}% 63
\BOOKMARK [2][-]{subsection.6.1}{\376\377\000R\000a\000p\000p\000e\000l\000\040\000d\000e\000s\000\040\000\351\000l\000\351\000m\000e\000n\000t\000s\000\040\000d\000u\000\040\000p\000r\000o\000g\000r\000a\000m\000m\000e\000\040\000o\000f\000f\000i\000c\000i\000e\000l}{section.6}% 64
\BOOKMARK [2][-]{subsection.6.2}{\376\377\000P\000e\000t\000i\000t\000\040\000b\000i\000l\000a\000n}{section.6}% 65
\BOOKMARK [2][-]{subsection.6.3}{\376\377\000E\000t\000\040\000p\000o\000u\000r\000\040\000q\000u\000e\000l\000q\000u\000e\000s\000\040\000e\000x\000e\000m\000p\000l\000e\000s\000\040\000d\000e\000\040\000p\000l\000u\000s}{section.6}% 66
\BOOKMARK [1][-]{section.7}{\376\377\000A\000p\000r\000\350\000s\000\040\000c\000e\000\040\000l\000i\000v\000r\000e}{}% 67
\BOOKMARK [2][-]{subsection.7.1}{\376\377\000C\000o\000n\000c\000l\000u\000s\000i\000o\000n}{section.7}% 68
\BOOKMARK [1][-]{section.8}{\376\377\000S\000o\000l\000u\000t\000i\000o\000n\000s\000\040\000d\000e\000s\000\040\000e\000x\000e\000r\000c\000i\000c\000e\000s\000\040\000d\000e\000\040\000l\000a\000\040\000s\000e\000c\000t\000i\000o\000n\000\040\000:\000\040\0002}{}% 69
\BOOKMARK [2][-]{subsection.8.1}{\376\377\000S\000o\000l\000u\000t\000i\000o\000n\000s\000\040\000d\000e\000s\000\040\000e\000x\000e\000r\000c\000i\000c\000e\000s\000\040\000d\000e\000\040\000l\000a\000\040\000s\000e\000c\000t\000i\000o\000n\000\040\000:\000\040\0002\000.\0001}{section.8}% 70
\BOOKMARK [3][-]{subsubsection.8.1.1}{\376\377\000S\000o\000l\000u\000t\000i\000o\000n\000\040\000d\000e\000\040\000l\000'\000e\000x\000e\000r\000c\000i\000c\000e\000\040\0002\000.\0001\000.\0007}{subsection.8.1}% 71
\BOOKMARK [3][-]{subsubsection.8.1.2}{\376\377\000S\000o\000l\000u\000t\000i\000o\000n\000\040\000P\000y\000t\000h\000o\000n\000\040\000d\000e\000\040\000l\000'\000e\000x\000e\000r\000c\000i\000c\000e\000\040\0002\000.\0001\000.\0008}{subsection.8.1}% 72
\BOOKMARK [2][-]{subsection.8.2}{\376\377\000S\000o\000l\000u\000t\000i\000o\000n\000s\000\040\000d\000e\000s\000\040\000e\000x\000e\000r\000c\000i\000c\000e\000s\000\040\000d\000e\000\040\000l\000a\000\040\000s\000e\000c\000t\000i\000o\000n\000\040\000:\000\040\0002\000.\0002}{section.8}% 73
\BOOKMARK [3][-]{subsubsection.8.2.1}{\376\377\000S\000o\000l\000u\000t\000i\000o\000n\000s\000\040\000d\000e\000\040\000l\000'\000e\000x\000e\000r\000c\000i\000c\000e\000\040\0002\000.\0002\000.\0002}{subsection.8.2}% 74
\BOOKMARK [3][-]{subsubsection.8.2.2}{\376\377\000S\000o\000l\000u\000t\000i\000o\000n\000s\000\040\000d\000e\000\040\000l\000'\000e\000x\000e\000r\000c\000i\000c\000e\000\040\0002\000.\0002\000.\0003}{subsection.8.2}% 75
\BOOKMARK [3][-]{subsubsection.8.2.3}{\376\377\000S\000o\000l\000u\000t\000i\000o\000n\000\040\000d\000u\000\040\000p\000e\000t\000i\000t\000\040\000j\000e\000u\000\040\0002\000.\0002\000.\0004}{subsection.8.2}% 76
\BOOKMARK [2][-]{subsection.8.3}{\376\377\000S\000o\000l\000u\000t\000i\000o\000n\000s\000\040\000d\000e\000s\000\040\000e\000x\000e\000r\000c\000i\000c\000e\000s\000\040\000d\000e\000\040\000l\000a\000\040\000s\000e\000c\000t\000i\000o\000n\000\040\000:\000\040\0002\000.\0003}{section.8}% 77
\BOOKMARK [3][-]{subsubsection.8.3.1}{\376\377\000S\000o\000l\000u\000t\000i\000o\000n\000\040\000d\000e\000\040\000l\000'\000e\000x\000e\000r\000c\000i\000c\000e\000\040\0002\000.\0003\000.\0002}{subsection.8.3}% 78
\BOOKMARK [3][-]{subsubsection.8.3.2}{\376\377\000S\000o\000l\000u\000t\000i\000o\000n\000\040\000d\000e\000\040\000l\000'\000e\000x\000e\000r\000c\000i\000c\000e\000\040\0002\000.\0003\000.\0003}{subsection.8.3}% 79
\BOOKMARK [2][-]{subsection.8.4}{\376\377\000S\000o\000l\000u\000t\000i\000o\000n\000s\000\040\000d\000e\000s\000\040\000e\000x\000e\000r\000c\000i\000c\000e\000s\000\040\000d\000e\000\040\000l\000a\000\040\000s\000e\000c\000t\000i\000o\000n\000\040\000:\000\040\0002\000.\0004}{section.8}% 80
\BOOKMARK [3][-]{subsubsection.8.4.1}{\376\377\000S\000o\000l\000u\000t\000i\000o\000n\000\040\000d\000e\000\040\000l\000'\000e\000x\000e\000r\000c\000i\000c\000e\000\040\0002\000.\0004\000.\0002}{subsection.8.4}% 81
\BOOKMARK [3][-]{subsubsection.8.4.2}{\376\377\000S\000o\000l\000u\000t\000i\000o\000n\000\040\000d\000e\000\040\000l\000'\000e\000x\000e\000r\000c\000i\000c\000e\000\040\0002\000.\0004\000.\0005}{subsection.8.4}% 82
\BOOKMARK [2][-]{subsection.8.5}{\376\377\000S\000o\000l\000u\000t\000i\000o\000n\000s\000\040\000d\000e\000s\000\040\000e\000x\000e\000r\000c\000i\000c\000e\000s\000\040\000d\000e\000\040\000l\000a\000\040\000s\000e\000c\000t\000i\000o\000n\000\040\000:\000\040\0002\000.\0005}{section.8}% 83
\BOOKMARK [3][-]{subsubsection.8.5.1}{\376\377\000S\000o\000l\000u\000t\000i\000o\000n\000\040\000a\000v\000e\000c\000\040\000P\000y\000t\000h\000o\000n\000\040\000d\000e\000\040\000l\000'\000e\000x\000e\000r\000c\000i\000c\000e\000\040\0002\000.\0005\000.\0002}{subsection.8.5}% 84
\BOOKMARK [2][-]{subsection.8.6}{\376\377\000S\000o\000l\000u\000t\000i\000o\000n\000s\000\040\000d\000e\000s\000\040\000e\000x\000e\000r\000c\000i\000c\000e\000s\000\040\000d\000e\000\040\000l\000a\000\040\000s\000e\000c\000t\000i\000o\000n\000\040\000:\000\040\0002\000.\0006}{section.8}% 85
\BOOKMARK [3][-]{subsubsection.8.6.1}{\376\377\000S\000o\000l\000u\000t\000i\000o\000n\000\040\000d\000e\000\040\000l\000'\000e\000x\000e\000r\000c\000i\000c\000e\000\040\0002\000.\0006\000.\0002}{subsection.8.6}% 86
\BOOKMARK [3][-]{subsubsection.8.6.2}{\376\377\000S\000o\000l\000u\000t\000i\000o\000n\000\040\000d\000e\000\040\000l\000'\000e\000x\000e\000r\000c\000i\000c\000e\000\040\0002\000.\0006\000.\0005}{subsection.8.6}% 87
\BOOKMARK [3][-]{subsubsection.8.6.3}{\376\377\000S\000o\000l\000u\000t\000i\000o\000n\000\040\000d\000e\000\040\000l\000'\000e\000x\000e\000r\000c\000i\000c\000e\000\040\0002\000.\0006\000.\0007}{subsection.8.6}% 88
\BOOKMARK [1][-]{section.9}{\376\377\000S\000o\000l\000u\000t\000i\000o\000n\000s\000\040\000d\000e\000s\000\040\000e\000x\000e\000r\000c\000i\000c\000e\000s\000\040\000d\000e\000\040\000l\000a\000\040\000s\000e\000c\000t\000i\000o\000n\000\040\000:\000\040\0003}{}% 89
\BOOKMARK [2][-]{subsection.9.1}{\376\377\000S\000o\000l\000u\000t\000i\000o\000n\000s\000\040\000d\000e\000s\000\040\000e\000x\000e\000r\000c\000i\000c\000e\000s\000\040\000d\000e\000\040\000l\000a\000\040\000s\000e\000c\000t\000i\000o\000n\000\040\000:\000\040\0003\000.\0002}{section.9}% 90
\BOOKMARK [3][-]{subsubsection.9.1.1}{\376\377\000S\000o\000l\000u\000t\000i\000o\000n\000\040\000d\000e\000\040\000l\000'\000e\000x\000e\000r\000c\000i\000c\000e\000\040\0003\000.\0002\000.\0002}{subsection.9.1}% 91
\BOOKMARK [2][-]{subsection.9.2}{\376\377\000S\000o\000l\000u\000t\000i\000o\000n\000s\000\040\000d\000e\000s\000\040\000e\000x\000e\000r\000c\000i\000c\000e\000s\000\040\000d\000e\000\040\000l\000a\000\040\000s\000e\000c\000t\000i\000o\000n\000\040\000:\000\040\0003\000.\0003}{section.9}% 92
\BOOKMARK [3][-]{subsubsection.9.2.1}{\376\377\000S\000o\000l\000u\000t\000i\000o\000n\000\040\000d\000e\000\040\000l\000'\000e\000x\000e\000r\000c\000i\000c\000e\000\040\0003\000.\0003\000.\0002}{subsection.9.2}% 93
\BOOKMARK [2][-]{subsection.9.3}{\376\377\000S\000o\000l\000u\000t\000i\000o\000n\000s\000\040\000d\000e\000s\000\040\000e\000x\000e\000r\000c\000i\000c\000e\000s\000\040\000d\000e\000\040\000l\000a\000\040\000s\000e\000c\000t\000i\000o\000n\000\040\000:\000\040\0003\000.\0004}{section.9}% 94
\BOOKMARK [3][-]{subsubsection.9.3.1}{\376\377\000S\000o\000l\000u\000t\000i\000o\000n\000\040\000d\000e\000\040\000l\000'\000e\000x\000e\000r\000c\000i\000c\000e\000\040\0003\000.\0004\000.\0001}{subsection.9.3}% 95
\BOOKMARK [3][-]{subsubsection.9.3.2}{\376\377\000S\000o\000l\000u\000t\000i\000o\000n\000\040\000d\000e\000\040\000l\000'\000e\000x\000e\000r\000c\000i\000c\000e\000\040\0003\000.\0004\000.\0002}{subsection.9.3}% 96
\BOOKMARK [2][-]{subsection.9.4}{\376\377\000S\000o\000l\000u\000t\000i\000o\000n\000s\000\040\000d\000e\000s\000\040\000e\000x\000e\000r\000c\000i\000c\000e\000s\000\040\000d\000e\000\040\000l\000a\000\040\000s\000e\000c\000t\000i\000o\000n\000\040\000:\000\040\0003\000.\0005}{section.9}% 97
\BOOKMARK [3][-]{subsubsection.9.4.1}{\376\377\000S\000o\000l\000u\000t\000i\000o\000n\000\040\000d\000e\000\040\000l\000'\000e\000x\000e\000r\000c\000i\000c\000e\000\040\0003\000.\0005\000.\0002}{subsection.9.4}% 98
