This is pdfTeX, Version 3.141592653-2.6-1.40.26 (TeX Live 2024) (preloaded format=pdflatex 2024.12.9)  9 JUL 2025 19:19
entering extended mode
 restricted \write18 enabled.
 file:line:error style messages enabled.
 %&-line parsing enabled.
**mlnrs.tex
(./mlnrs.tex
LaTeX2e <2023-11-01> patch level 1
L3 programming layer <2024-02-20>
(/usr/local/texlive/2024/texmf-dist/tex/latex/base/article.cls
Document Class: article 2023/05/17 v1.4n Standard LaTeX document class
(/usr/local/texlive/2024/texmf-dist/tex/latex/base/size11.clo
File: size11.clo 2023/05/17 v1.4n Standard LaTeX file (size option)
)
\c@part=\count188
\c@section=\count189
\c@subsection=\count190
\c@subsubsection=\count191
\c@paragraph=\count192
\c@subparagraph=\count193
\c@figure=\count194
\c@table=\count195
\abovecaptionskip=\skip48
\belowcaptionskip=\skip49
\bibindent=\dimen140
)
(/usr/local/texlive/2024/texmf-dist/tex/latex/base/inputenc.sty
Package: inputenc 2021/02/14 v1.3d Input encoding file
\inpenc@prehook=\toks17
\inpenc@posthook=\toks18
)
(/usr/local/texlive/2024/texmf-dist/tex/latex/base/fontenc.sty
Package: fontenc 2021/04/29 v2.0v Standard LaTeX package
)
(/usr/local/texlive/2024/texmf-dist/tex/latex/graphics/graphicx.sty
Package: graphicx 2021/09/16 v1.2d Enhanced LaTeX Graphics (DPC,SPQR)

(/usr/local/texlive/2024/texmf-dist/tex/latex/graphics/keyval.sty
Package: keyval 2022/05/29 v1.15 key=value parser (DPC)
\KV@toks@=\toks19
)
(/usr/local/texlive/2024/texmf-dist/tex/latex/graphics/graphics.sty
Package: graphics 2022/03/10 v1.4e Standard LaTeX Graphics (DPC,SPQR)

(/usr/local/texlive/2024/texmf-dist/tex/latex/graphics/trig.sty
Package: trig 2021/08/11 v1.11 sin cos tan (DPC)
)
(/usr/local/texlive/2024/texmf-dist/tex/latex/graphics-cfg/graphics.cfg
File: graphics.cfg 2016/06/04 v1.11 sample graphics configuration
)
Package graphics Info: Driver file: pdftex.def on input line 107.

(/usr/local/texlive/2024/texmf-dist/tex/latex/graphics-def/pdftex.def
File: pdftex.def 2022/09/22 v1.2b Graphics/color driver for pdftex
))
\Gin@req@height=\dimen141
\Gin@req@width=\dimen142
)
(/usr/local/texlive/2024/texmf-dist/tex/latex/tools/longtable.sty
Package: longtable 2023-11-01 v4.19 Multi-page Table package (DPC)
\LTleft=\skip50
\LTright=\skip51
\LTpre=\skip52
\LTpost=\skip53
\LTchunksize=\count196
\LTcapwidth=\dimen143
\LT@head=\box51
\LT@firsthead=\box52
\LT@foot=\box53
\LT@lastfoot=\box54
\LT@gbox=\box55
\LT@cols=\count197
\LT@rows=\count198
\c@LT@tables=\count199
\c@LT@chunks=\count266
\LT@p@ftn=\toks20
)
(/usr/local/texlive/2024/texmf-dist/tex/latex/wrapfig/wrapfig.sty
\wrapoverhang=\dimen144
\WF@size=\dimen145
\c@WF@wrappedlines=\count267
\WF@box=\box56
\WF@everypar=\toks21
Package: wrapfig 2003/01/31  v 3.6
)
(/usr/local/texlive/2024/texmf-dist/tex/latex/graphics/rotating.sty
Package: rotating 2016/08/11 v2.16d rotated objects in LaTeX

(/usr/local/texlive/2024/texmf-dist/tex/latex/base/ifthen.sty
Package: ifthen 2022/04/13 v1.1d Standard LaTeX ifthen package (DPC)
)
\c@r@tfl@t=\count268
\rotFPtop=\skip54
\rotFPbot=\skip55
\rot@float@box=\box57
\rot@mess@toks=\toks22
)
(/usr/local/texlive/2024/texmf-dist/tex/generic/ulem/ulem.sty
\UL@box=\box58
\UL@hyphenbox=\box59
\UL@skip=\skip56
\UL@hook=\toks23
\UL@height=\dimen146
\UL@pe=\count269
\UL@pixel=\dimen147
\ULC@box=\box60
Package: ulem 2019/11/18
\ULdepth=\dimen148
)
(/usr/local/texlive/2024/texmf-dist/tex/latex/amsmath/amsmath.sty
Package: amsmath 2023/05/13 v2.17o AMS math features
\@mathmargin=\skip57

For additional information on amsmath, use the `?' option.
(/usr/local/texlive/2024/texmf-dist/tex/latex/amsmath/amstext.sty
Package: amstext 2021/08/26 v2.01 AMS text

(/usr/local/texlive/2024/texmf-dist/tex/latex/amsmath/amsgen.sty
File: amsgen.sty 1999/11/30 v2.0 generic functions
\@emptytoks=\toks24
\ex@=\dimen149
))
(/usr/local/texlive/2024/texmf-dist/tex/latex/amsmath/amsbsy.sty
Package: amsbsy 1999/11/29 v1.2d Bold Symbols
\pmbraise@=\dimen150
)
(/usr/local/texlive/2024/texmf-dist/tex/latex/amsmath/amsopn.sty
Package: amsopn 2022/04/08 v2.04 operator names
)
\inf@bad=\count270
LaTeX Info: Redefining \frac on input line 234.
\uproot@=\count271
\leftroot@=\count272
LaTeX Info: Redefining \overline on input line 399.
LaTeX Info: Redefining \colon on input line 410.
\classnum@=\count273
\DOTSCASE@=\count274
LaTeX Info: Redefining \ldots on input line 496.
LaTeX Info: Redefining \dots on input line 499.
LaTeX Info: Redefining \cdots on input line 620.
\Mathstrutbox@=\box61
\strutbox@=\box62
LaTeX Info: Redefining \big on input line 722.
LaTeX Info: Redefining \Big on input line 723.
LaTeX Info: Redefining \bigg on input line 724.
LaTeX Info: Redefining \Bigg on input line 725.
\big@size=\dimen151
LaTeX Font Info:    Redeclaring font encoding OML on input line 743.
LaTeX Font Info:    Redeclaring font encoding OMS on input line 744.
\macc@depth=\count275
LaTeX Info: Redefining \bmod on input line 905.
LaTeX Info: Redefining \pmod on input line 910.
LaTeX Info: Redefining \smash on input line 940.
LaTeX Info: Redefining \relbar on input line 970.
LaTeX Info: Redefining \Relbar on input line 971.
\c@MaxMatrixCols=\count276
\dotsspace@=\muskip16
\c@parentequation=\count277
\dspbrk@lvl=\count278
\tag@help=\toks25
\row@=\count279
\column@=\count280
\maxfields@=\count281
\andhelp@=\toks26
\eqnshift@=\dimen152
\alignsep@=\dimen153
\tagshift@=\dimen154
\tagwidth@=\dimen155
\totwidth@=\dimen156
\lineht@=\dimen157
\@envbody=\toks27
\multlinegap=\skip58
\multlinetaggap=\skip59
\mathdisplay@stack=\toks28
LaTeX Info: Redefining \[ on input line 2953.
LaTeX Info: Redefining \] on input line 2954.
)
(/usr/local/texlive/2024/texmf-dist/tex/latex/amsfonts/amssymb.sty
Package: amssymb 2013/01/14 v3.01 AMS font symbols

(/usr/local/texlive/2024/texmf-dist/tex/latex/amsfonts/amsfonts.sty
Package: amsfonts 2013/01/14 v3.01 Basic AMSFonts support
\symAMSa=\mathgroup4
\symAMSb=\mathgroup5
LaTeX Font Info:    Redeclaring math symbol \hbar on input line 98.
LaTeX Font Info:    Overwriting math alphabet `\mathfrak' in version `bold'
(Font)                  U/euf/m/n --> U/euf/b/n on input line 106.
))
(/usr/local/texlive/2024/texmf-dist/tex/latex/capt-of/capt-of.sty
Package: capt-of 2009/12/29 v0.2 standard captions outside of floats
)
(/usr/local/texlive/2024/texmf-dist/tex/latex/hyperref/hyperref.sty
Package: hyperref 2024-01-20 v7.01h Hypertext links for LaTeX

(/usr/local/texlive/2024/texmf-dist/tex/generic/iftex/iftex.sty
Package: iftex 2022/02/03 v1.0f TeX engine tests
)
(/usr/local/texlive/2024/texmf-dist/tex/latex/kvsetkeys/kvsetkeys.sty
Package: kvsetkeys 2022-10-05 v1.19 Key value parser (HO)
)
(/usr/local/texlive/2024/texmf-dist/tex/generic/kvdefinekeys/kvdefinekeys.sty
Package: kvdefinekeys 2019-12-19 v1.6 Define keys (HO)
)
(/usr/local/texlive/2024/texmf-dist/tex/generic/pdfescape/pdfescape.sty
Package: pdfescape 2019/12/09 v1.15 Implements pdfTeX's escape features (HO)

(/usr/local/texlive/2024/texmf-dist/tex/generic/ltxcmds/ltxcmds.sty
Package: ltxcmds 2023-12-04 v1.26 LaTeX kernel commands for general use (HO)
)
(/usr/local/texlive/2024/texmf-dist/tex/generic/pdftexcmds/pdftexcmds.sty
Package: pdftexcmds 2020-06-27 v0.33 Utility functions of pdfTeX for LuaTeX (HO
)

(/usr/local/texlive/2024/texmf-dist/tex/generic/infwarerr/infwarerr.sty
Package: infwarerr 2019/12/03 v1.5 Providing info/warning/error messages (HO)
)
Package pdftexcmds Info: \pdf@primitive is available.
Package pdftexcmds Info: \pdf@ifprimitive is available.
Package pdftexcmds Info: \pdfdraftmode found.
))
(/usr/local/texlive/2024/texmf-dist/tex/latex/hycolor/hycolor.sty
Package: hycolor 2020-01-27 v1.10 Color options for hyperref/bookmark (HO)
)
(/usr/local/texlive/2024/texmf-dist/tex/latex/auxhook/auxhook.sty
Package: auxhook 2019-12-17 v1.6 Hooks for auxiliary files (HO)
)
(/usr/local/texlive/2024/texmf-dist/tex/latex/hyperref/nameref.sty
Package: nameref 2023-11-26 v2.56 Cross-referencing by name of section

(/usr/local/texlive/2024/texmf-dist/tex/latex/refcount/refcount.sty
Package: refcount 2019/12/15 v3.6 Data extraction from label references (HO)
)
(/usr/local/texlive/2024/texmf-dist/tex/generic/gettitlestring/gettitlestring.s
ty
Package: gettitlestring 2019/12/15 v1.6 Cleanup title references (HO)
 (/usr/local/texlive/2024/texmf-dist/tex/latex/kvoptions/kvoptions.sty
Package: kvoptions 2022-06-15 v3.15 Key value format for package options (HO)
))
\c@section@level=\count282
)
(/usr/local/texlive/2024/texmf-dist/tex/latex/etoolbox/etoolbox.sty
Package: etoolbox 2020/10/05 v2.5k e-TeX tools for LaTeX (JAW)
\etb@tempcnta=\count283
)
\@linkdim=\dimen158
\Hy@linkcounter=\count284
\Hy@pagecounter=\count285

(/usr/local/texlive/2024/texmf-dist/tex/latex/hyperref/pd1enc.def
File: pd1enc.def 2024-01-20 v7.01h Hyperref: PDFDocEncoding definition (HO)
Now handling font encoding PD1 ...
... no UTF-8 mapping file for font encoding PD1
)
(/usr/local/texlive/2024/texmf-dist/tex/generic/intcalc/intcalc.sty
Package: intcalc 2019/12/15 v1.3 Expandable calculations with integers (HO)
)
\Hy@SavedSpaceFactor=\count286

(/usr/local/texlive/2024/texmf-dist/tex/latex/hyperref/puenc.def
File: puenc.def 2024-01-20 v7.01h Hyperref: PDF Unicode definition (HO)
Now handling font encoding PU ...
... no UTF-8 mapping file for font encoding PU
)
Package hyperref Info: Hyper figures OFF on input line 4179.
Package hyperref Info: Link nesting OFF on input line 4184.
Package hyperref Info: Hyper index ON on input line 4187.
Package hyperref Info: Plain pages OFF on input line 4194.
Package hyperref Info: Backreferencing OFF on input line 4199.
Package hyperref Info: Implicit mode ON; LaTeX internals redefined.
Package hyperref Info: Bookmarks ON on input line 4446.
\c@Hy@tempcnt=\count287

(/usr/local/texlive/2024/texmf-dist/tex/latex/url/url.sty
\Urlmuskip=\muskip17
Package: url 2013/09/16  ver 3.4  Verb mode for urls, etc.
)
LaTeX Info: Redefining \url on input line 4784.
\XeTeXLinkMargin=\dimen159

(/usr/local/texlive/2024/texmf-dist/tex/generic/bitset/bitset.sty
Package: bitset 2019/12/09 v1.3 Handle bit-vector datatype (HO)

(/usr/local/texlive/2024/texmf-dist/tex/generic/bigintcalc/bigintcalc.sty
Package: bigintcalc 2019/12/15 v1.5 Expandable calculations on big integers (HO
)
))
\Fld@menulength=\count288
\Field@Width=\dimen160
\Fld@charsize=\dimen161
Package hyperref Info: Hyper figures OFF on input line 6063.
Package hyperref Info: Link nesting OFF on input line 6068.
Package hyperref Info: Hyper index ON on input line 6071.
Package hyperref Info: backreferencing OFF on input line 6078.
Package hyperref Info: Link coloring OFF on input line 6083.
Package hyperref Info: Link coloring with OCG OFF on input line 6088.
Package hyperref Info: PDF/A mode OFF on input line 6093.

(/usr/local/texlive/2024/texmf-dist/tex/latex/base/atbegshi-ltx.sty
Package: atbegshi-ltx 2021/01/10 v1.0c Emulation of the original atbegshi
package with kernel methods
)
\Hy@abspage=\count289
\c@Item=\count290
\c@Hfootnote=\count291
)
Package hyperref Info: Driver (autodetected): hpdftex.

(/usr/local/texlive/2024/texmf-dist/tex/latex/hyperref/hpdftex.def
File: hpdftex.def 2024-01-20 v7.01h Hyperref driver for pdfTeX

(/usr/local/texlive/2024/texmf-dist/tex/latex/base/atveryend-ltx.sty
Package: atveryend-ltx 2020/08/19 v1.0a Emulation of the original atveryend pac
kage
with kernel methods
)
\Fld@listcount=\count292
\c@bookmark@seq@number=\count293

(/usr/local/texlive/2024/texmf-dist/tex/latex/rerunfilecheck/rerunfilecheck.sty
Package: rerunfilecheck 2022-07-10 v1.10 Rerun checks for auxiliary files (HO)

(/usr/local/texlive/2024/texmf-dist/tex/generic/uniquecounter/uniquecounter.sty
Package: uniquecounter 2019/12/15 v1.4 Provide unlimited unique counter (HO)
)
Package uniquecounter Info: New unique counter `rerunfilecheck' on input line 2
85.
)
\Hy@SectionHShift=\skip60
) (/usr/local/texlive/2024/texmf-dist/tex/generic/babel/babel.sty
Package: babel 2024/02/07 v24.2 The Babel package
\babel@savecnt=\count294
\U@D=\dimen162
\l@unhyphenated=\language89

(/usr/local/texlive/2024/texmf-dist/tex/generic/babel/txtbabel.def)
\bbl@readstream=\read2
\bbl@dirlevel=\count295

(/usr/local/texlive/2024/texmf-dist/tex/generic/babel-french/french.ldf
Language: french 2024-02-29 v3.5s French support from the babel system
Package babel Info: Hyphen rules for 'acadian' set to \l@french
(babel)             (\language31). Reported on input line 91.
Package babel Info: Hyphen rules for 'canadien' set to \l@french
(babel)             (\language31). Reported on input line 92.
\FB@stdchar=\count296
Package babel Info: Making : an active character on input line 420.
Package babel Info: Making ; an active character on input line 421.
Package babel Info: Making ! an active character on input line 422.
Package babel Info: Making ? an active character on input line 423.
\FBguill@level=\count297
\FBold@everypar=\toks29
\FB@Mht=\dimen163
\mc@charclass=\count298
\mc@charfam=\count299
\mc@charslot=\count300
\std@mcc=\count301
\dec@mcc=\count302
\FB@parskip=\dimen164
\listindentFB=\dimen165
\descindentFB=\dimen166
\labelindentFB=\dimen167
\labelwidthFB=\dimen168
\leftmarginFB=\dimen169
\parindentFFN=\dimen170
\FBfnindent=\dimen171
))
(/usr/local/texlive/2024/texmf-dist/tex/generic/babel/locale/fr/babel-french.te
x
Package babel Info: Importing font and identification data for french
(babel)             from babel-fr.ini. Reported on input line 11.
) (/usr/local/texlive/2024/texmf-dist/tex/latex/carlisle/scalefnt.sty)
(/usr/local/texlive/2024/texmf-dist/tex/latex/graphics/color.sty
Package: color 2022/01/06 v1.3d Standard LaTeX Color (DPC)

(/usr/local/texlive/2024/texmf-dist/tex/latex/graphics-cfg/color.cfg
File: color.cfg 2016/01/02 v1.6 sample color configuration
)
Package color Info: Driver file: pdftex.def on input line 149.

(/usr/local/texlive/2024/texmf-dist/tex/latex/graphics/mathcolor.ltx))
(/usr/local/texlive/2024/texmf-dist/tex/latex/minted/minted.sty
Package: minted 2023/12/18 v2.9 Yet another Pygments shim for LaTeX

(/usr/local/texlive/2024/texmf-dist/tex/latex/fvextra/fvextra.sty
Package: fvextra 2023/11/28 v1.6.1 fvextra - extensions and patches for fancyvr
b

(/usr/local/texlive/2024/texmf-dist/tex/latex/fancyvrb/fancyvrb.sty
Package: fancyvrb 2024/01/20 4.5c verbatim text (tvz,hv)
\FV@CodeLineNo=\count303
\FV@InFile=\read3
\FV@TabBox=\box63
\c@FancyVerbLine=\count304
\FV@StepNumber=\count305
\FV@OutFile=\write3
)
(/usr/local/texlive/2024/texmf-dist/tex/latex/upquote/upquote.sty
Package: upquote 2012/04/19 v1.3 upright-quote and grave-accent glyphs in verba
tim

(/usr/local/texlive/2024/texmf-dist/tex/latex/base/textcomp.sty
Package: textcomp 2020/02/02 v2.0n Standard LaTeX package
))
(/usr/local/texlive/2024/texmf-dist/tex/latex/lineno/lineno.sty
Package: lineno 2023/05/20 line numbers on paragraphs v5.3
\linenopenalty=\count306
\output=\toks30
\linenoprevgraf=\count307
\linenumbersep=\dimen172
\linenumberwidth=\dimen173
\c@linenumber=\count308
\c@pagewiselinenumber=\count309
\c@LN@truepage=\count310
\c@internallinenumber=\count311
\c@internallinenumbers=\count312
\quotelinenumbersep=\dimen174
\bframerule=\dimen175
\bframesep=\dimen176
\bframebox=\box64
\linenoamsmath@ams@eqpen=\count313
LaTeX Info: Redefining \\ on input line 3180.
)
\c@FancyVerbWriteLine=\count314
\c@FancyVerbBufferIndex=\count315
\c@FancyVerbBufferLength=\count316
\c@FancyVerbBufferLine=\count317
\c@FV@oldbufferlength=\count318
\c@FV@TrueTabGroupLevel=\count319
\c@FV@TrueTabCounter=\count320
\FV@TabBox@Group=\box65
\FV@TmpLength=\skip61
\c@FV@HighlightLinesStart=\count321
\c@FV@HighlightLinesStop=\count322
\FV@LoopCount=\count323
\FV@NCharsBox=\box66
\FV@BreakIndent=\dimen177
\FV@BreakIndentNChars=\count324
\FV@BreakSymbolSepLeft=\dimen178
\FV@BreakSymbolSepLeftNChars=\count325
\FV@BreakSymbolSepRight=\dimen179
\FV@BreakSymbolSepRightNChars=\count326
\FV@BreakSymbolIndentLeft=\dimen180
\FV@BreakSymbolIndentLeftNChars=\count327
\FV@BreakSymbolIndentRight=\dimen181
\FV@BreakSymbolIndentRightNChars=\count328
\c@FancyVerbLineBreakLast=\count329
\FV@LineBox=\box67
\FV@LineIndentBox=\box68
\c@FV@BreakBufferDepth=\count330
\FV@LineWidth=\dimen182
)
(/usr/local/texlive/2024/texmf-dist/tex/latex/tools/shellesc.sty
Package: shellesc 2023/07/08 v1.0d unified shell escape interface for LaTeX
Package shellesc Info: Restricted shell escape enabled on input line 77.
)
(/usr/local/texlive/2024/texmf-dist/tex/latex/ifplatform/ifplatform.sty
Package: ifplatform 2017/10/13 v0.4a Testing for the operating system

(/usr/local/texlive/2024/texmf-dist/tex/generic/catchfile/catchfile.sty
Package: catchfile 2019/12/09 v1.8 Catch the contents of a file (HO)

(/usr/local/texlive/2024/texmf-dist/tex/generic/etexcmds/etexcmds.sty
Package: etexcmds 2019/12/15 v1.7 Avoid name clashes with e-TeX commands (HO)
))
(/usr/local/texlive/2024/texmf-dist/tex/generic/iftex/ifluatex.sty
Package: ifluatex 2019/10/25 v1.5 ifluatex legacy package. Use iftex instead.
)

Package ifplatform Warning: 
    shell escape is disabled, so I can only detect \ifwindows.

) (/usr/local/texlive/2024/texmf-dist/tex/generic/xstring/xstring.sty
(/usr/local/texlive/2024/texmf-dist/tex/generic/xstring/xstring.tex
\xs_counta=\count331
\xs_countb=\count332
)
Package: xstring 2023/08/22 v1.86 String manipulations (CT)
)
(/usr/local/texlive/2024/texmf-dist/tex/latex/framed/framed.sty
Package: framed 2011/10/22 v 0.96: framed or shaded text with page breaks
\OuterFrameSep=\skip62
\fb@frw=\dimen183
\fb@frh=\dimen184
\FrameRule=\dimen185
\FrameSep=\dimen186
)
(/usr/local/texlive/2024/texmf-dist/tex/latex/float/float.sty
Package: float 2001/11/08 v1.3d Float enhancements (AL)
\c@float@type=\count333
\float@exts=\toks31
\float@box=\box69
\@float@everytoks=\toks32
\@floatcapt=\box70
)
\minted@appexistsfile=\read4
\minted@bgbox=\box71
\minted@code=\write4
\c@minted@FancyVerbLineTemp=\count334
\c@minted@pygmentizecounter=\count335
\@float@every@listing=\toks33
\c@listing=\count336
)
runsystem(mkdir -p _minted-mlnrs)...disabled (restricted).



./mlnrs.tex:18: Package minted Error: You must invoke LaTeX with the -shell-esc
ape flag.

See the minted package documentation for explanation.
Type  H <return>  for immediate help.
 ...                                              
                                                  
l.18 \usepackage
                {parskip}
? 
(/usr/local/texlive/2024/texmf-dist/tex/latex/parskip/parskip.sty
Package: parskip 2021-03-14 v2.0h non-zero parskip adjustments
)
(/usr/local/texlive/2024/texmf-dist/tex/latex/pgf/frontendlayer/tikz.sty
(/usr/local/texlive/2024/texmf-dist/tex/latex/pgf/basiclayer/pgf.sty
(/usr/local/texlive/2024/texmf-dist/tex/latex/pgf/utilities/pgfrcs.sty
(/usr/local/texlive/2024/texmf-dist/tex/generic/pgf/utilities/pgfutil-common.te
x
\pgfutil@everybye=\toks34
\pgfutil@tempdima=\dimen187
\pgfutil@tempdimb=\dimen188
)
(/usr/local/texlive/2024/texmf-dist/tex/generic/pgf/utilities/pgfutil-latex.def
\pgfutil@abb=\box72
) (/usr/local/texlive/2024/texmf-dist/tex/generic/pgf/utilities/pgfrcs.code.tex
(/usr/local/texlive/2024/texmf-dist/tex/generic/pgf/pgf.revision.tex)
Package: pgfrcs 2023-01-15 v3.1.10 (3.1.10)
))
Package: pgf 2023-01-15 v3.1.10 (3.1.10)

(/usr/local/texlive/2024/texmf-dist/tex/latex/pgf/basiclayer/pgfcore.sty
(/usr/local/texlive/2024/texmf-dist/tex/latex/pgf/systemlayer/pgfsys.sty
(/usr/local/texlive/2024/texmf-dist/tex/generic/pgf/systemlayer/pgfsys.code.tex
Package: pgfsys 2023-01-15 v3.1.10 (3.1.10)
(/usr/local/texlive/2024/texmf-dist/tex/generic/pgf/utilities/pgfkeys.code.tex
\pgfkeys@pathtoks=\toks35
\pgfkeys@temptoks=\toks36

(/usr/local/texlive/2024/texmf-dist/tex/generic/pgf/utilities/pgfkeyslibraryfil
tered.code.tex
\pgfkeys@tmptoks=\toks37
))
\pgf@x=\dimen189
\pgf@y=\dimen190
\pgf@xa=\dimen191
\pgf@ya=\dimen192
\pgf@xb=\dimen193
\pgf@yb=\dimen194
\pgf@xc=\dimen195
\pgf@yc=\dimen196
\pgf@xd=\dimen197
\pgf@yd=\dimen198
\w@pgf@writea=\write5
\r@pgf@reada=\read5
\c@pgf@counta=\count337
\c@pgf@countb=\count338
\c@pgf@countc=\count339
\c@pgf@countd=\count340
\t@pgf@toka=\toks38
\t@pgf@tokb=\toks39
\t@pgf@tokc=\toks40
\pgf@sys@id@count=\count341

(/usr/local/texlive/2024/texmf-dist/tex/generic/pgf/systemlayer/pgf.cfg
File: pgf.cfg 2023-01-15 v3.1.10 (3.1.10)
)
Driver file for pgf: pgfsys-pdftex.def

(/usr/local/texlive/2024/texmf-dist/tex/generic/pgf/systemlayer/pgfsys-pdftex.d
ef
File: pgfsys-pdftex.def 2023-01-15 v3.1.10 (3.1.10)

(/usr/local/texlive/2024/texmf-dist/tex/generic/pgf/systemlayer/pgfsys-common-p
df.def
File: pgfsys-common-pdf.def 2023-01-15 v3.1.10 (3.1.10)
)))
(/usr/local/texlive/2024/texmf-dist/tex/generic/pgf/systemlayer/pgfsyssoftpath.
code.tex
File: pgfsyssoftpath.code.tex 2023-01-15 v3.1.10 (3.1.10)
\pgfsyssoftpath@smallbuffer@items=\count342
\pgfsyssoftpath@bigbuffer@items=\count343
)
(/usr/local/texlive/2024/texmf-dist/tex/generic/pgf/systemlayer/pgfsysprotocol.
code.tex
File: pgfsysprotocol.code.tex 2023-01-15 v3.1.10 (3.1.10)
)) (/usr/local/texlive/2024/texmf-dist/tex/latex/xcolor/xcolor.sty
Package: xcolor 2023/11/15 v3.01 LaTeX color extensions (UK)

(/usr/local/texlive/2024/texmf-dist/tex/latex/graphics-cfg/color.cfg
File: color.cfg 2016/01/02 v1.6 sample color configuration
)
Package xcolor Info: Driver file: pdftex.def on input line 274.
LaTeX Info: Redefining \color on input line 758.

(/usr/local/texlive/2024/texmf-dist/tex/latex/graphics/mathcolor.ltx)
Package xcolor Info: Model `cmy' substituted by `cmy0' on input line 1350.
Package xcolor Info: Model `hsb' substituted by `rgb' on input line 1354.
Package xcolor Info: Model `RGB' extended on input line 1366.
Package xcolor Info: Model `HTML' substituted by `rgb' on input line 1368.
Package xcolor Info: Model `Hsb' substituted by `hsb' on input line 1369.
Package xcolor Info: Model `tHsb' substituted by `hsb' on input line 1370.
Package xcolor Info: Model `HSB' substituted by `hsb' on input line 1371.
Package xcolor Info: Model `Gray' substituted by `gray' on input line 1372.
Package xcolor Info: Model `wave' substituted by `hsb' on input line 1373.
)
(/usr/local/texlive/2024/texmf-dist/tex/generic/pgf/basiclayer/pgfcore.code.tex
Package: pgfcore 2023-01-15 v3.1.10 (3.1.10)
(/usr/local/texlive/2024/texmf-dist/tex/generic/pgf/math/pgfmath.code.tex
(/usr/local/texlive/2024/texmf-dist/tex/generic/pgf/math/pgfmathutil.code.tex)
(/usr/local/texlive/2024/texmf-dist/tex/generic/pgf/math/pgfmathparser.code.tex
\pgfmath@dimen=\dimen199
\pgfmath@count=\count344
\pgfmath@box=\box73
\pgfmath@toks=\toks41
\pgfmath@stack@operand=\toks42
\pgfmath@stack@operation=\toks43
)
(/usr/local/texlive/2024/texmf-dist/tex/generic/pgf/math/pgfmathfunctions.code.
tex)
(/usr/local/texlive/2024/texmf-dist/tex/generic/pgf/math/pgfmathfunctions.basic
.code.tex)
(/usr/local/texlive/2024/texmf-dist/tex/generic/pgf/math/pgfmathfunctions.trigo
nometric.code.tex)
(/usr/local/texlive/2024/texmf-dist/tex/generic/pgf/math/pgfmathfunctions.rando
m.code.tex)
(/usr/local/texlive/2024/texmf-dist/tex/generic/pgf/math/pgfmathfunctions.compa
rison.code.tex)
(/usr/local/texlive/2024/texmf-dist/tex/generic/pgf/math/pgfmathfunctions.base.
code.tex)
(/usr/local/texlive/2024/texmf-dist/tex/generic/pgf/math/pgfmathfunctions.round
.code.tex)
(/usr/local/texlive/2024/texmf-dist/tex/generic/pgf/math/pgfmathfunctions.misc.
code.tex)
(/usr/local/texlive/2024/texmf-dist/tex/generic/pgf/math/pgfmathfunctions.integ
erarithmetics.code.tex)
(/usr/local/texlive/2024/texmf-dist/tex/generic/pgf/math/pgfmathcalc.code.tex)
(/usr/local/texlive/2024/texmf-dist/tex/generic/pgf/math/pgfmathfloat.code.tex
\c@pgfmathroundto@lastzeros=\count345
)) (/usr/local/texlive/2024/texmf-dist/tex/generic/pgf/math/pgfint.code.tex)
(/usr/local/texlive/2024/texmf-dist/tex/generic/pgf/basiclayer/pgfcorepoints.co
de.tex
File: pgfcorepoints.code.tex 2023-01-15 v3.1.10 (3.1.10)
\pgf@picminx=\dimen256
\pgf@picmaxx=\dimen257
\pgf@picminy=\dimen258
\pgf@picmaxy=\dimen259
\pgf@pathminx=\dimen260
\pgf@pathmaxx=\dimen261
\pgf@pathminy=\dimen262
\pgf@pathmaxy=\dimen263
\pgf@xx=\dimen264
\pgf@xy=\dimen265
\pgf@yx=\dimen266
\pgf@yy=\dimen267
\pgf@zx=\dimen268
\pgf@zy=\dimen269
)
(/usr/local/texlive/2024/texmf-dist/tex/generic/pgf/basiclayer/pgfcorepathconst
ruct.code.tex
File: pgfcorepathconstruct.code.tex 2023-01-15 v3.1.10 (3.1.10)
\pgf@path@lastx=\dimen270
\pgf@path@lasty=\dimen271
)
(/usr/local/texlive/2024/texmf-dist/tex/generic/pgf/basiclayer/pgfcorepathusage
.code.tex
File: pgfcorepathusage.code.tex 2023-01-15 v3.1.10 (3.1.10)
\pgf@shorten@end@additional=\dimen272
\pgf@shorten@start@additional=\dimen273
)
(/usr/local/texlive/2024/texmf-dist/tex/generic/pgf/basiclayer/pgfcorescopes.co
de.tex
File: pgfcorescopes.code.tex 2023-01-15 v3.1.10 (3.1.10)
\pgfpic=\box74
\pgf@hbox=\box75
\pgf@layerbox@main=\box76
\pgf@picture@serial@count=\count346
)
(/usr/local/texlive/2024/texmf-dist/tex/generic/pgf/basiclayer/pgfcoregraphicst
ate.code.tex
File: pgfcoregraphicstate.code.tex 2023-01-15 v3.1.10 (3.1.10)
\pgflinewidth=\dimen274
)
(/usr/local/texlive/2024/texmf-dist/tex/generic/pgf/basiclayer/pgfcoretransform
ations.code.tex
File: pgfcoretransformations.code.tex 2023-01-15 v3.1.10 (3.1.10)
\pgf@pt@x=\dimen275
\pgf@pt@y=\dimen276
\pgf@pt@temp=\dimen277
)
(/usr/local/texlive/2024/texmf-dist/tex/generic/pgf/basiclayer/pgfcorequick.cod
e.tex
File: pgfcorequick.code.tex 2023-01-15 v3.1.10 (3.1.10)
)
(/usr/local/texlive/2024/texmf-dist/tex/generic/pgf/basiclayer/pgfcoreobjects.c
ode.tex
File: pgfcoreobjects.code.tex 2023-01-15 v3.1.10 (3.1.10)
)
(/usr/local/texlive/2024/texmf-dist/tex/generic/pgf/basiclayer/pgfcorepathproce
ssing.code.tex
File: pgfcorepathprocessing.code.tex 2023-01-15 v3.1.10 (3.1.10)
)
(/usr/local/texlive/2024/texmf-dist/tex/generic/pgf/basiclayer/pgfcorearrows.co
de.tex
File: pgfcorearrows.code.tex 2023-01-15 v3.1.10 (3.1.10)
\pgfarrowsep=\dimen278
)
(/usr/local/texlive/2024/texmf-dist/tex/generic/pgf/basiclayer/pgfcoreshade.cod
e.tex
File: pgfcoreshade.code.tex 2023-01-15 v3.1.10 (3.1.10)
\pgf@max=\dimen279
\pgf@sys@shading@range@num=\count347
\pgf@shadingcount=\count348
)
(/usr/local/texlive/2024/texmf-dist/tex/generic/pgf/basiclayer/pgfcoreimage.cod
e.tex
File: pgfcoreimage.code.tex 2023-01-15 v3.1.10 (3.1.10)
)
(/usr/local/texlive/2024/texmf-dist/tex/generic/pgf/basiclayer/pgfcoreexternal.
code.tex
File: pgfcoreexternal.code.tex 2023-01-15 v3.1.10 (3.1.10)
\pgfexternal@startupbox=\box77
)
(/usr/local/texlive/2024/texmf-dist/tex/generic/pgf/basiclayer/pgfcorelayers.co
de.tex
File: pgfcorelayers.code.tex 2023-01-15 v3.1.10 (3.1.10)
)
(/usr/local/texlive/2024/texmf-dist/tex/generic/pgf/basiclayer/pgfcoretranspare
ncy.code.tex
File: pgfcoretransparency.code.tex 2023-01-15 v3.1.10 (3.1.10)
)
(/usr/local/texlive/2024/texmf-dist/tex/generic/pgf/basiclayer/pgfcorepatterns.
code.tex
File: pgfcorepatterns.code.tex 2023-01-15 v3.1.10 (3.1.10)
)
(/usr/local/texlive/2024/texmf-dist/tex/generic/pgf/basiclayer/pgfcorerdf.code.
tex
File: pgfcorerdf.code.tex 2023-01-15 v3.1.10 (3.1.10)
)))
(/usr/local/texlive/2024/texmf-dist/tex/generic/pgf/modules/pgfmoduleshapes.cod
e.tex
File: pgfmoduleshapes.code.tex 2023-01-15 v3.1.10 (3.1.10)
\pgfnodeparttextbox=\box78
)
(/usr/local/texlive/2024/texmf-dist/tex/generic/pgf/modules/pgfmoduleplot.code.
tex
File: pgfmoduleplot.code.tex 2023-01-15 v3.1.10 (3.1.10)
)
(/usr/local/texlive/2024/texmf-dist/tex/latex/pgf/compatibility/pgfcomp-version
-0-65.sty
Package: pgfcomp-version-0-65 2023-01-15 v3.1.10 (3.1.10)
\pgf@nodesepstart=\dimen280
\pgf@nodesepend=\dimen281
)
(/usr/local/texlive/2024/texmf-dist/tex/latex/pgf/compatibility/pgfcomp-version
-1-18.sty
Package: pgfcomp-version-1-18 2023-01-15 v3.1.10 (3.1.10)
))
(/usr/local/texlive/2024/texmf-dist/tex/latex/pgf/utilities/pgffor.sty
(/usr/local/texlive/2024/texmf-dist/tex/latex/pgf/utilities/pgfkeys.sty
(/usr/local/texlive/2024/texmf-dist/tex/generic/pgf/utilities/pgfkeys.code.tex)
) (/usr/local/texlive/2024/texmf-dist/tex/latex/pgf/math/pgfmath.sty
(/usr/local/texlive/2024/texmf-dist/tex/generic/pgf/math/pgfmath.code.tex))
(/usr/local/texlive/2024/texmf-dist/tex/generic/pgf/utilities/pgffor.code.tex
Package: pgffor 2023-01-15 v3.1.10 (3.1.10)
\pgffor@iter=\dimen282
\pgffor@skip=\dimen283
\pgffor@stack=\toks44
\pgffor@toks=\toks45
))
(/usr/local/texlive/2024/texmf-dist/tex/generic/pgf/frontendlayer/tikz/tikz.cod
e.tex
Package: tikz 2023-01-15 v3.1.10 (3.1.10)

(/usr/local/texlive/2024/texmf-dist/tex/generic/pgf/libraries/pgflibraryplothan
dlers.code.tex
File: pgflibraryplothandlers.code.tex 2023-01-15 v3.1.10 (3.1.10)
\pgf@plot@mark@count=\count349
\pgfplotmarksize=\dimen284
)
\tikz@lastx=\dimen285
\tikz@lasty=\dimen286
\tikz@lastxsaved=\dimen287
\tikz@lastysaved=\dimen288
\tikz@lastmovetox=\dimen289
\tikz@lastmovetoy=\dimen290
\tikzleveldistance=\dimen291
\tikzsiblingdistance=\dimen292
\tikz@figbox=\box79
\tikz@figbox@bg=\box80
\tikz@tempbox=\box81
\tikz@tempbox@bg=\box82
\tikztreelevel=\count350
\tikznumberofchildren=\count351
\tikznumberofcurrentchild=\count352
\tikz@fig@count=\count353

(/usr/local/texlive/2024/texmf-dist/tex/generic/pgf/modules/pgfmodulematrix.cod
e.tex
File: pgfmodulematrix.code.tex 2023-01-15 v3.1.10 (3.1.10)
\pgfmatrixcurrentrow=\count354
\pgfmatrixcurrentcolumn=\count355
\pgf@matrix@numberofcolumns=\count356
)
\tikz@expandcount=\count357

(/usr/local/texlive/2024/texmf-dist/tex/generic/pgf/frontendlayer/tikz/librarie
s/tikzlibrarytopaths.code.tex
File: tikzlibrarytopaths.code.tex 2023-01-15 v3.1.10 (3.1.10)
)))
(/usr/local/texlive/2024/texmf-dist/tex/latex/csquotes/csquotes.sty
Package: csquotes 2022-09-14 v5.2n context-sensitive quotations (JAW)
\csq@reset=\count358
\csq@gtype=\count359
\csq@glevel=\count360
\csq@qlevel=\count361
\csq@maxlvl=\count362
\csq@tshold=\count363
\csq@ltx@everypar=\toks46

(/usr/local/texlive/2024/texmf-dist/tex/latex/csquotes/csquotes.def
File: csquotes.def 2022-09-14 v5.2n csquotes generic definitions (JAW)
)
Package csquotes Info: Trying to load configuration file 'csquotes.cfg'...
Package csquotes Info: ... configuration file loaded successfully.

(/usr/local/texlive/2024/texmf-dist/tex/latex/csquotes/csquotes.cfg
File: csquotes.cfg 
)
Package csquotes Info: Enabling multilingual quotes.
)
(/usr/local/texlive/2024/texmf-dist/tex/latex/svg/svg.sty
Package: svg 2020/11/26 v2.02k (include SVG pictures)

(/usr/local/texlive/2024/texmf-dist/tex/latex/koma-script/scrbase.sty
Package: scrbase 2023/07/07 v3.41 KOMA-Script package (KOMA-Script-independent 
basics and keyval usage)

(/usr/local/texlive/2024/texmf-dist/tex/latex/koma-script/scrlfile.sty
Package: scrlfile 2023/07/07 v3.41 KOMA-Script package (file load hooks)

(/usr/local/texlive/2024/texmf-dist/tex/latex/koma-script/scrlfile-hook.sty
Package: scrlfile-hook 2023/07/07 v3.41 KOMA-Script package (using LaTeX hooks)


(/usr/local/texlive/2024/texmf-dist/tex/latex/koma-script/scrlogo.sty
Package: scrlogo 2023/07/07 v3.41 KOMA-Script package (logo)
)))
Applying: [2021/05/01] Usage of raw or classic option list on input line 252.
Already applied: [0000/00/00] Usage of raw or classic option list on input line
 368.
)
(/usr/local/texlive/2024/texmf-dist/tex/latex/trimspaces/trimspaces.sty
Package: trimspaces 2009/09/17 v1.1 Trim spaces around a token list
)
\c@svg@param@lastpage=\count364
\svg@box=\box83
\c@svg@param@currpage=\count365
)
(/usr/local/texlive/2024/texmf-dist/tex/latex/transparent/transparent.sty
Package: transparent 2022-10-27 v1.5 Transparency with color stacks

(/usr/local/texlive/2024/texmf-dist/tex/latex/transparent/transparent-nometadat
a.sty
Package: transparent-nometadata 2022-10-27 v1.5 Transparency via pdfTeX's color
 stack (HO)
)) (/usr/local/texlive/2024/texmf-dist/tex/latex/titlesec/titletoc.sty
Package: titletoc 2023/10/27 v2.16 TOC entries
\ttl@leftsep=\dimen293
)
Package hyperref Info: Option `colorlinks' set `true' on input line 25.
runsystem(command -v pygmentize && touch mlnrs.aex)...disabled (restricted).



./mlnrs.tex:45: Package minted Error: You must have `pygmentize' installed to u
se this package.

See the minted package documentation for explanation.
Type  H <return>  for immediate help.
 ...                                              
                                                  
l.45 \begin{document}
                     
? 
Package csquotes Info: Checking for multilingual support...
Package csquotes Info: ... found 'babel' package.
(/usr/local/texlive/2024/texmf-dist/tex/latex/l3backend/l3backend-pdftex.def
File: l3backend-pdftex.def 2024-02-20 L3 backend support: PDF output (pdfTeX)
\l__color_backend_stack_int=\count366
\l__pdf_internal_box=\box84
)
(./mlnrs.aux)
\openout1 = `mlnrs.aux'.

LaTeX Font Info:    Checking defaults for OML/cmm/m/it on input line 45.
LaTeX Font Info:    ... okay on input line 45.
LaTeX Font Info:    Checking defaults for OMS/cmsy/m/n on input line 45.
LaTeX Font Info:    ... okay on input line 45.
LaTeX Font Info:    Checking defaults for OT1/cmr/m/n on input line 45.
LaTeX Font Info:    ... okay on input line 45.
LaTeX Font Info:    Checking defaults for T1/cmr/m/n on input line 45.
LaTeX Font Info:    ... okay on input line 45.
LaTeX Font Info:    Checking defaults for TS1/cmr/m/n on input line 45.
LaTeX Font Info:    ... okay on input line 45.
LaTeX Font Info:    Checking defaults for OMX/cmex/m/n on input line 45.
LaTeX Font Info:    ... okay on input line 45.
LaTeX Font Info:    Checking defaults for U/cmr/m/n on input line 45.
LaTeX Font Info:    ... okay on input line 45.
LaTeX Font Info:    Checking defaults for PD1/pdf/m/n on input line 45.
LaTeX Font Info:    ... okay on input line 45.
LaTeX Font Info:    Checking defaults for PU/pdf/m/n on input line 45.
LaTeX Font Info:    ... okay on input line 45.

(/usr/local/texlive/2024/texmf-dist/tex/context/base/mkii/supp-pdf.mkii
[Loading MPS to PDF converter (version 2006.09.02).]
\scratchcounter=\count367
\scratchdimen=\dimen294
\scratchbox=\box85
\nofMPsegments=\count368
\nofMParguments=\count369
\everyMPshowfont=\toks47
\MPscratchCnt=\count370
\MPscratchDim=\dimen295
\MPnumerator=\count371
\makeMPintoPDFobject=\count372
\everyMPtoPDFconversion=\toks48
) (/usr/local/texlive/2024/texmf-dist/tex/latex/epstopdf-pkg/epstopdf-base.sty
Package: epstopdf-base 2020-01-24 v2.11 Base part for package epstopdf
Package epstopdf-base Info: Redefining graphics rule for `.eps' on input line 4
85.

(/usr/local/texlive/2024/texmf-dist/tex/latex/latexconfig/epstopdf-sys.cfg
File: epstopdf-sys.cfg 2010/07/13 v1.3 Configuration of (r)epstopdf for TeX Liv
e
))
Package hyperref Info: Link coloring ON on input line 45.

(./mlnrs.out) (./mlnrs.out)
\@outlinefile=\write6
\openout6 = `mlnrs.out'.

LaTeX Info: Redefining \degres on input line 45.
LaTeX Info: Redefining \up on input line 45.
LaTeX Font Info:    Trying to load font information for U+msa on input line 48.


(/usr/local/texlive/2024/texmf-dist/tex/latex/amsfonts/umsa.fd
File: umsa.fd 2013/01/14 v3.01 AMS symbols A
)
LaTeX Font Info:    Trying to load font information for U+msb on input line 48.


(/usr/local/texlive/2024/texmf-dist/tex/latex/amsfonts/umsb.fd
File: umsb.fd 2013/01/14 v3.01 AMS symbols B
) (./mlnrs.toc
[1

{/usr/local/texlive/2024/texmf-var/fonts/map/pdftex/updmap/pdftex.map}{/usr/loc
al/texlive/2024/texmf-dist/fonts/enc/dvips/cm-super/cm-super-t1.enc}]
[2])
\tf@toc=\write7
\openout7 = `mlnrs.toc'.


(/usr/local/texlive/2024/texmf-dist/tex/generic/babel/locale/en/babel-english.t
ex
Package babel Info: Importing basic data for english
(babel)             from babel-en.ini. Reported on input line 11.
)
Underfull \hbox (badness 10000) in paragraph at lines 55--56

 []

[3]
LaTeX Font Info:    Trying to load font information for T1+cmtt on input line 7
2.
 (/usr/local/texlive/2024/texmf-dist/tex/latex/base/t1cmtt.fd
File: t1cmtt.fd 2023/04/13 v2.5m Standard LaTeX font definitions
)
Overfull \hbox (2.61185pt too wide) in paragraph at lines 70--77
\T1/cmr/m/n/10.95 gramme of-fi-ciel que vous pou-vez consul-ter ici : [][]$\T1/
cmtt/m/n/10.95 https : / / eduscol . education .
 []


Underfull \hbox (badness 10000) in paragraph at lines 96--99

 []

\c@ttl@toc@level-1=\count373
(./mlnrs.ptc)
\c@ttl@toc@level-2=\count374
 (./mlnrs.ptc [4])
Overfull \hbox (8.94922pt too wide) in paragraph at lines 156--162
[]\T1/cmr/m/n/10.95 Mais ces nombres sont in-suf-fi-sants pour ex-pri-mer des t
em-pé-ra-tures par exemple
 []

[5]
Overfull \hbox (5.74174pt too wide) in paragraph at lines 180--185
[]\T1/cmr/m/n/10.95 Mais ces nombres sont en-core en nombre in-suf-fi-sant pour
 ex-pri-mer par exemple
 []


Underfull \vbox (badness 10000) has occurred while \output is active []

 [6]
[7] [8] [9] [10] [11] [12] (./mlnrs.ptc)
Overfull \hbox (24.5137pt too wide) in paragraph at lines 544--549
[][]$\T1/cmtt/m/n/10.95 https : / / www . legipermis . com / infractions / alco
ol-[]permis-[]conduire .
 []

[13{/usr/local/texlive/2024/texmf-dist/fonts/enc/dvips/cm-super/cm-super-ts1.en
c}] [14] [15] [16] [17] [18] [19] (./mlnrs.ptc)
Underfull \vbox (badness 1490) has occurred while \output is active []

 [20]
[21] [22]
Underfull \hbox (badness 10000) in paragraph at lines 1015--1020

 []

(./mlnrs.ptc [23])
Overfull \hbox (10.5258pt too wide) in paragraph at lines 1066--1070
[]\T1/cmr/m/n/10.95 Prenons $\OT1/cmr/m/n/10.95 (\OML/cmm/m/it/10.95 a; r\OT1/c
mr/m/n/10.95 ) = []$ \T1/cmr/m/n/10.95 alors on ob-tient l'in-ter-valle $\OML/c
mm/m/it/10.95 J \OT1/cmr/m/n/10.95 = [] =
 []

[24] [25]
LaTeX Font Info:    Trying to load font information for TS1+cmtt on input line 
1179.
 (/usr/local/texlive/2024/texmf-dist/tex/latex/base/ts1cmtt.fd
File: ts1cmtt.fd 2023/04/13 v2.5m Standard LaTeX font definitions
)
Overfull \hbox (13.45248pt too wide) in paragraph at lines 1179--1179
[]  \T1/cmtt/m/n/10.95 Cette fonction renverra une liste de réels (bon numériqu
ement ça[] 
 []

[26]
Underfull \hbox (badness 10000) in paragraph at lines 1209--1212

 []

(./mlnrs.ptc) [27] [28] [29] [30]
Underfull \hbox (badness 10000) in paragraph at lines 1420--1421

 []

(./mlnrs.ptc) [31] [32] [33] [34]
Underfull \hbox (badness 10000) in paragraph at lines 1658--1660

 []

(./mlnrs.ptc [35])
Underfull \hbox (badness 10000) in paragraph at lines 1671--1675

 []

(./mlnrs.ptc)
Underfull \hbox (badness 10000) in paragraph at lines 1711--1717

 []

[36] (./mlnrs.ptc) [37]
Overfull \hbox (30.4276pt too wide) in paragraph at lines 1786--1786
[]\T1/cmtt/m/n/10.95 points = {\TS1/cmtt/m/n/10.95 '\T1/cmtt/m/n/10.95 P_0\TS1/
cmtt/m/n/10.95 '\T1/cmtt/m/n/10.95 : 0, \TS1/cmtt/m/n/10.95 '\T1/cmtt/m/n/10.95
 P_1\TS1/cmtt/m/n/10.95 '\T1/cmtt/m/n/10.95 : 0, \TS1/cmtt/m/n/10.95 '\T1/cmtt/
m/n/10.95 P_2\TS1/cmtt/m/n/10.95 '\T1/cmtt/m/n/10.95 : 0, \TS1/cmtt/m/n/10.95 '
\T1/cmtt/m/n/10.95 P_3\TS1/cmtt/m/n/10.95 '\T1/cmtt/m/n/10.95 : 0, \TS1/cmtt/m/
n/10.95 '\T1/cmtt/m/n/10.95 P_4\TS1/cmtt/m/n/10.95 '\T1/cmtt/m/n/10.95 : 0, \TS
1/cmtt/m/n/10.95 '\T1/cmtt/m/n/10.95 P_5\TS1/cmtt/m/n/10.95 '\T1/cmtt/m/n/10.95
 : 0}[] 
 []


Overfull \hbox (41.74434pt too wide) in paragraph at lines 1786--1786
[]\T1/cmtt/m/n/10.95 print("Voici la liste des points dont tu vas déterminer le
s abscisses")[] 
 []


Overfull \hbox (41.74434pt too wide) in paragraph at lines 1786--1786
[]  \T1/cmtt/m/n/10.95 p = input(f"{round(nb, 4)} correspond à l\TS1/cmtt/m/n/1
0.95 '\T1/cmtt/m/n/10.95 abscisse de quel point ? ")[] 
 []


Underfull \hbox (badness 10000) in paragraph at lines 1795--1798

 []

(./mlnrs.ptc) [38]
Overfull \hbox (41.74434pt too wide) in paragraph at lines 1850--1850
[]\T1/cmtt/m/n/10.95 c_2 += "Déterminer si un nombre réel appartient à un inter
valle donné."[] 
 []

[39]
Underfull \hbox (badness 10000) in paragraph at lines 1894--1903

 []

(./mlnrs.ptc) [40]
Overfull \hbox (13.45248pt too wide) in paragraph at lines 1960--1960
[]  \T1/cmtt/m/n/10.95 inf, sup = default(prime_roots[i], i), excess(prime_root
s[i], i)[] 
 []


Overfull \hbox (41.74434pt too wide) in paragraph at lines 1960--1960
[]  \T1/cmtt/m/n/10.95 print(f"Un encadrement de {sqrt_unicode}{some_primes[i]}
 ~", end=" ")[] 
 []


Overfull \hbox (70.0362pt too wide) in paragraph at lines 1960--1960
[]  \T1/cmtt/m/n/10.95 print(f"{round(prime_roots[i], i)} d\TS1/cmtt/m/n/10.95 
'\T1/cmtt/m/n/10.95 amplitude 10**(-{i}) est :", end=" ")[] 
 []


Overfull \hbox (24.76923pt too wide) in paragraph at lines 1960--1960
[]  \T1/cmtt/m/n/10.95 print(f"Dit autrement, {sqrt_unicode}{some_primes[i]} ~"
, end=" ")[] 
 []


Overfull \hbox (87.0113pt too wide) in paragraph at lines 1960--1960
[]    \T1/cmtt/m/n/10.95 print(f"{instr}(-{some_primes[i]}) près de {sqrt_unico
de}{some_primes[i]}")[] 
 []


Overfull \hbox (92.66968pt too wide) in paragraph at lines 1960--1960
[]      \T1/cmtt/m/n/10.95 r = float(input(f"Borne {born[j]}érieure à {some_pri
mes[i]} chiffres = "))[] 
 []

[41]
Overfull \hbox (2.13574pt too wide) in paragraph at lines 2013--2013
[]    \T1/cmtt/m/n/10.95 boundaries = [default(num, decimals), excess(num, deci
mals)][] 
 []


Overfull \hbox (58.71945pt too wide) in paragraph at lines 2013--2013
[]      \T1/cmtt/m/n/10.95 r = float(input(f"Borne {born[j]}érieure à {decimals
} chiffres = "))[] 
 []


Overfull \hbox (24.76923pt too wide) in paragraph at lines 2013--2013
[]    \T1/cmtt/m/n/10.95 x_pts, inf, sup, d = num, boundaries[0], boundaries[1]
, decimals[] 
 []


Overfull \hbox (183.20361pt too wide) in paragraph at lines 2013--2013
[]\T1/cmtt/m/n/10.95 print(f"On appelle nombre d\TS1/cmtt/m/n/10.95 '\T1/cmtt/m
/n/10.95 or et on le note {phi_unicode} = (1 + {sqrt_unicode}5) / 2 ~ {phi}")[]
 
 []


Overfull \hbox (211.49547pt too wide) in paragraph at lines 2013--2013
[]\T1/cmtt/m/n/10.95 print("Vous pouvez remarquer que {phi_unicode}**2 = 1 + {p
hi_unicode} (vérifiez-le par le calcul !)")[] 
 []


Underfull \hbox (badness 10000) in paragraph at lines 2022--2032

 []


Underfull \vbox (badness 10000) has occurred while \output is active []

 [42]
(./mlnrs.ptc)
Overfull \hbox (81.35294pt too wide) in paragraph at lines 2078--2078
[]\T1/cmtt/m/n/10.95 print(f"La vitesse de la lumière dans le vide est de {c} m
ètres par seconde.")[] 
 []


Overfull \hbox (47.40271pt too wide) in paragraph at lines 2078--2078
[]\T1/cmtt/m/n/10.95 print("Pour passer des mètres aux kilomètres il faut divis
er par 1 000")[] 
 []


Overfull \hbox (53.06108pt too wide) in paragraph at lines 2078--2078
[]\T1/cmtt/m/n/10.95 print("Dans 1 heure il y 60 minutes et dans 1 minute il y 
a 60 secondes")[] 
 []

[43]
Overfull \hbox (2.13574pt too wide) in paragraph at lines 2078--2078
[]\T1/cmtt/m/n/10.95 print("Mais dans ce cas, autant faire d\TS1/cmtt/m/n/10.95
 '\T1/cmtt/m/n/10.95 une pierre, deux coups")[] 
 []


Overfull \hbox (81.35294pt too wide) in paragraph at lines 2078--2078
[]\T1/cmtt/m/n/10.95 print("Multiplier par 3600 et diviser par 1 000 revient à 
multiplier par 3.6")[] 
 []


Overfull \hbox (64.37782pt too wide) in paragraph at lines 2102--2102
[]\T1/cmtt/m/n/10.95 msg = "Prend le temps de poser les calculs sur un papier a
vant de répondre"[] 
 []


Underfull \hbox (badness 10000) in paragraph at lines 2110--2112

 []

(./mlnrs.ptc)
Underfull \hbox (badness 10000) in paragraph at lines 2123--2126

 []

[44] (./mlnrs.ptc)
Underfull \hbox (badness 10000) in paragraph at lines 2152--2154

 []

(./mlnrs.ptc) [45]
Overfull \hbox (7.79411pt too wide) in paragraph at lines 2252--2252
[]    \T1/cmtt/m/n/10.95 "En faisant un produit en croix cela revient à 10**n =
 3*a.",[] 
 []


Overfull \hbox (53.06108pt too wide) in paragraph at lines 2252--2252
[]    \T1/cmtt/m/n/10.95 "Il suffit de prouver qu\TS1/cmtt/m/n/10.95 '\T1/cmtt/
m/n/10.95 aucune puissance de 10 n\TS1/cmtt/m/n/10.95 '\T1/cmtt/m/n/10.95 est m
ulitple de 3."[] 
 []


Overfull \hbox (19.11086pt too wide) in paragraph at lines 2252--2252
[]\T1/cmtt/m/n/10.95 div = input("Quels sont les diviseurs (entiers positifs) d
e 10 ? ")[] 
 []


Overfull \hbox (81.35294pt too wide) in paragraph at lines 2252--2252
[]    \T1/cmtt/m/n/10.95 "car 2 et 3 sont premiers entre eux (ils n\TS1/cmtt/m/
n/10.95 '\T1/cmtt/m/n/10.95 ont pas de diviseurs communs)",[] 
 []

[46]
Overfull \hbox (47.40271pt too wide) in paragraph at lines 2252--2252
[]    \T1/cmtt/m/n/10.95 "une autre façon de faire consiste à poser la division
 de 10 par 3",[] 
 []


Overfull \hbox (58.71945pt too wide) in paragraph at lines 2252--2252
[]    \T1/cmtt/m/n/10.95 "et vous pourriez faire de même à l\TS1/cmtt/m/n/10.95
 '\T1/cmtt/m/n/10.95 infini avec toute puissance de 10"[] 
 []


Overfull \hbox (81.35294pt too wide) in paragraph at lines 2252--2252
[]\T1/cmtt/m/n/10.95 div_proof = [f"10**{n} = 3 x {(10**n)//3} + {(10**n) % 3}"
 for n in range(10)][] 
 []


Overfull \hbox (87.0113pt too wide) in paragraph at lines 2252--2252
[]\T1/cmtt/m/n/10.95 decimal_proof = [f"1/3 ~ {round(1/3, i)} à {i} décimale(s)
" for i in range(10)][] 
 []


Overfull \hbox (2.13574pt too wide) in paragraph at lines 2252--2252
[]    \T1/cmtt/m/n/10.95 "10x = 3.333333... avec une infinité de 3 après la vir
gule",[] 
 []


Underfull \hbox (badness 10000) in paragraph at lines 2260--2262

 []

(./mlnrs.ptc)
Underfull \hbox (badness 10000) in paragraph at lines 2273--2279

 []

[47] (./mlnrs.ptc)
Underfull \hbox (badness 10000) in paragraph at lines 2297--2300

 []

(./mlnrs.ptc)
Underfull \hbox (badness 10000) in paragraph at lines 2319--2321

 []

(./mlnrs.ptc)
Overfull \hbox (7.79411pt too wide) in paragraph at lines 2349--2349
[]  \T1/cmtt/m/n/10.95 Cette fonction renvoie les bornes d\TS1/cmtt/m/n/10.95 '
\T1/cmtt/m/n/10.95 un encadrement par balayage[] 
 []


Overfull \hbox (13.45248pt too wide) in paragraph at lines 2349--2349
[]\T1/cmtt/m/n/10.95 # Tests : attention parce qu\TS1/cmtt/m/n/10.95 '\T1/cmtt/
m/n/10.95 au-delà de n = 7 ça devient très long[] 
 []

[48]
Overfull \hbox (154.91176pt too wide) in paragraph at lines 2349--2349
[]  \T1/cmtt/m/n/10.95 print(f"{infimum} < {sqrt_unicode}2 < {supremum} est un 
encadrement d\TS1/cmtt/m/n/10.95 '\T1/cmtt/m/n/10.95 amplitude {ampli}")[] 
 []


Underfull \hbox (badness 10000) in paragraph at lines 2368--2369

 []

(./mlnrs.ptc)
Underfull \hbox (badness 10000) in paragraph at lines 2380--2382

 []

(./mlnrs.ptc)
Underfull \hbox (badness 10000) in paragraph at lines 2403--2408

 []

[49] (./mlnrs.ptc) (./mlnrs.ptc)
Underfull \hbox (badness 10000) in paragraph at lines 2459--2461

 []

(./mlnrs.ptc)
Underfull \hbox (badness 10000) in paragraph at lines 2472--2474

 []

[50] (./mlnrs.ptc)
Underfull \hbox (badness 10000) in paragraph at lines 2512--2513

 []

(./mlnrs.ptc)
Underfull \hbox (badness 10000) in paragraph at lines 2524--2528

 []

[51] (./mlnrs.ptc)
Overfull \hbox (4.8027pt too wide) in paragraph at lines 2554--2559
[]\T1/cmr/m/n/10.95 Pour rap-pels tous les codes sont ac-ces-sibles sur Google 
Co-lab à l'adresse
 []

[52]
Underfull \hbox (badness 10000) in paragraph at lines 2613--2617

 []

(./mlnrs.ptc [53]) [54]
Overfull \hbox (13.4185pt too wide) detected at line 2654
\OT1/cmr/m/n/10.95 ^^H = [] \OMS/cmsy/m/n/10.95 2 \OML/cmm/m/it/10.95 F[] \OT1/
cmr/m/n/10.95 = [1\OML/cmm/m/it/10.95 ; \OT1/cmr/m/n/10.95 618; 1\OML/cmm/m/it/
10.95 ; \OT1/cmr/m/n/10.95 619] \OMS/cmsy/m/n/10.95 ^^Z \OML/cmm/m/it/10.95 F[]
 \OT1/cmr/m/n/10.95 = [1\OML/cmm/m/it/10.95 ; \OT1/cmr/m/n/10.95 61; 1\OML/cmm/
m/it/10.95 ; \OT1/cmr/m/n/10.95 62] \OMS/cmsy/m/n/10.95 ^^Z \OML/cmm/m/it/10.95
 F[] \OT1/cmr/m/n/10.95 = [1\OML/cmm/m/it/10.95 ; \OT1/cmr/m/n/10.95 6; 1\OML/c
mm/m/it/10.95 ; \OT1/cmr/m/n/10.95 7]
 []

[55] [56] [57] [58]
Underfull \hbox (badness 10000) in paragraph at lines 2761--2762

 []

(./mlnrs.ptc) [59] [60]
Underfull \hbox (badness 10000) in paragraph at lines 2867--2868

 []

(./mlnrs.ptc) [61]
Overfull \hbox (4.8027pt too wide) in paragraph at lines 2918--2923
[]\T1/cmr/m/n/10.95 Pour rap-pels tous les codes sont ac-ces-sibles sur Google 
Co-lab à l'adresse
 []

[62]
Overfull \hbox (4.8027pt too wide) in paragraph at lines 2938--2943
[]\T1/cmr/m/n/10.95 Pour rap-pels tous les codes sont ac-ces-sibles sur Google 
Co-lab à l'adresse
 []


Overfull \hbox (29.17207pt too wide) in paragraph at lines 2963--2963
 []  \T1/cmtt/m/n/10.95 else: return round(a - r, precision), round(a + r, prec
ision)[] 
 []


Overfull \hbox (4.8027pt too wide) in paragraph at lines 2964--2969
[]\T1/cmr/m/n/10.95 Pour rap-pels tous les codes sont ac-ces-sibles sur Google 
Co-lab à l'adresse
 []


Underfull \hbox (badness 10000) in paragraph at lines 2989--2990

 []

[63] (./mlnrs.ptc)
Overfull \hbox (70.0362pt too wide) in paragraph at lines 3040--3040
[]  \T1/cmtt/m/n/10.95 infimum = round(trunc(real_power_nb_digits) * 10**(-nb_d
igits), nb_digits)[] 
 []


Overfull \hbox (70.0362pt too wide) in paragraph at lines 3040--3040
[]  \T1/cmtt/m/n/10.95 supremum = round(ceil(real_power_nb_digits) * 10**(-nb_d
igits), nb_digits)[] 
 []

[64]
Underfull \hbox (badness 10000) in paragraph at lines 3047--3052

 []

(./mlnrs.ptc) [65] [66]
Underfull \hbox (badness 10000) in paragraph at lines 3154--3155

 []

(./mlnrs.ptc)
Underfull \hbox (badness 10000) in paragraph at lines 3166--3167

 []

(./mlnrs.ptc)
Overfull \hbox (234.12895pt too wide) in paragraph at lines 3201--3201
[]\T1/cmtt/m/n/10.95 labels = [\TS1/cmtt/m/n/10.95 '\T1/cmtt/m/n/10.95 P_0 (-2)
\TS1/cmtt/m/n/10.95 '\T1/cmtt/m/n/10.95 , \TS1/cmtt/m/n/10.95 '\T1/cmtt/m/n/10.
95 P_1 (-0.5)\TS1/cmtt/m/n/10.95 '\T1/cmtt/m/n/10.95 , \TS1/cmtt/m/n/10.95 '\T1
/cmtt/m/n/10.95 P_2 (0)\TS1/cmtt/m/n/10.95 '\T1/cmtt/m/n/10.95 , \TS1/cmtt/m/n/
10.95 '\T1/cmtt/m/n/10.95 P_3 (1)\TS1/cmtt/m/n/10.95 '\T1/cmtt/m/n/10.95 , f\TS
1/cmtt/m/n/10.95 '\T1/cmtt/m/n/10.95 P_4 ({sqrt_unicode}2\TS1/cmtt/m/n/10.95 '\
T1/cmtt/m/n/10.95 , f\TS1/cmtt/m/n/10.95 '\T1/cmtt/m/n/10.95 P_5 ({pi_unicode})
\TS1/cmtt/m/n/10.95 '\T1/cmtt/m/n/10.95 ][] 
 []

[67]
Underfull \hbox (badness 10000) in paragraph at lines 3208--3210

 []

(./mlnrs.ptc)
Overfull \hbox (2.13574pt too wide) in paragraph at lines 3315--3315
[]  \T1/cmtt/m/n/10.95 number: le nombre dont on cherche à faire l\TS1/cmtt/m/n
/10.95 '\T1/cmtt/m/n/10.95 arrondi par défaut[] 
 []

[68]
Overfull \hbox (2.13574pt too wide) in paragraph at lines 3315--3315
[]  \T1/cmtt/m/n/10.95 Elle renvoie le nombre arrondi par défaut à decimals déc
imales[] 
 []


Overfull \hbox (7.79411pt too wide) in paragraph at lines 3315--3315
[]  \T1/cmtt/m/n/10.95 nums: la liste de nombres dont on cherche la borne (inf 
ou sup)[] 
 []


Overfull \hbox (7.79411pt too wide) in paragraph at lines 3315--3315
[]  \T1/cmtt/m/n/10.95 Elle renvoie la liste des bornes (que des infs ou que de
s sups)[] 
 []


Overfull \hbox (13.45248pt too wide) in paragraph at lines 3315--3315
[]\T1/cmtt/m/n/10.95 list_of_intervals = [[infs[i], sups[i]] for i in range(len
(infs))][] 
 []


Overfull \hbox (41.74434pt too wide) in paragraph at lines 3315--3315
[]  \T1/cmtt/m/n/10.95 msg = f"{n2s}**2 = {squares[i]} appartient à l\TS1/cmtt/
m/n/10.95 '\T1/cmtt/m/n/10.95 intervalle {interval}"[] 
 []

[69]
Overfull \hbox (41.74434pt too wide) in paragraph at lines 3315--3315
[]\T1/cmtt/m/n/10.95 plt.scatter(squares, np.zeros_like(squares), color=\TS1/cm
tt/m/n/10.95 '\T1/cmtt/m/n/10.95 green\TS1/cmtt/m/n/10.95 '\T1/cmtt/m/n/10.95 ,
 marker=\TS1/cmtt/m/n/10.95 '\T1/cmtt/m/n/10.95 x\TS1/cmtt/m/n/10.95 '\T1/cmtt/
m/n/10.95 )[] 
 []


Overfull \hbox (7.79411pt too wide) in paragraph at lines 3315--3315
[]\T1/cmtt/m/n/10.95 plt.scatter(infs, np.zeros_like(infs), color=\TS1/cmtt/m/n
/10.95 '\T1/cmtt/m/n/10.95 red\TS1/cmtt/m/n/10.95 '\T1/cmtt/m/n/10.95 , marker=
\TS1/cmtt/m/n/10.95 '\T1/cmtt/m/n/10.95 $[$\TS1/cmtt/m/n/10.95 '\T1/cmtt/m/n/10
.95 )[] 
 []


Overfull \hbox (7.79411pt too wide) in paragraph at lines 3315--3315
[]\T1/cmtt/m/n/10.95 plt.scatter(sups, np.zeros_like(sups), color=\TS1/cmtt/m/n
/10.95 '\T1/cmtt/m/n/10.95 red\TS1/cmtt/m/n/10.95 '\T1/cmtt/m/n/10.95 , marker=
\TS1/cmtt/m/n/10.95 '\T1/cmtt/m/n/10.95 $]$\TS1/cmtt/m/n/10.95 '\T1/cmtt/m/n/10
.95 )[] 
 []


Overfull \hbox (7.79411pt too wide) in paragraph at lines 3315--3315
[]    \T1/cmtt/m/n/10.95 plt.text(squares[i], -0.02, sqr_label, ha=\TS1/cmtt/m/
n/10.95 '\T1/cmtt/m/n/10.95 center\TS1/cmtt/m/n/10.95 '\T1/cmtt/m/n/10.95 , va=
\TS1/cmtt/m/n/10.95 '\T1/cmtt/m/n/10.95 top\TS1/cmtt/m/n/10.95 '\T1/cmtt/m/n/10
.95 )[] 
 []


Underfull \hbox (badness 10000) in paragraph at lines 3322--3324

 []

(./mlnrs.ptc) [70]
Underfull \hbox (badness 10000) in paragraph at lines 3370--3372

 []

(./mlnrs.ptc) [71]
Overfull \hbox (2.13574pt too wide) in paragraph at lines 3407--3407
[]\T1/cmtt/m/n/10.95 print(f"Puisque 1 mile = {mile} alors cela fait {mile/1000
} km")[] 
 []


Overfull \hbox (53.06108pt too wide) in paragraph at lines 3407--3407
[]\T1/cmtt/m/n/10.95 print(f"Il suffit donc de multiplier la vitesse en km/h pa
r {1000/mile}")[] 
 []

\tf@ptc=\write8
\openout8 = `mlnrs.ptc'.

[72] (./mlnrs.aux)
 ***********
LaTeX2e <2023-11-01> patch level 1
L3 programming layer <2024-02-20>
 ***********


LaTeX Warning: Label(s) may have changed. Rerun to get cross-references right.


Package rerunfilecheck Warning: File `mlnrs.out' has changed.
(rerunfilecheck)                Rerun to get outlines right
(rerunfilecheck)                or use package `bookmark'.

Package rerunfilecheck Info: Checksums for `mlnrs.out':
(rerunfilecheck)             Before: BBC1CDC60B1C676931D91616341A3D3C;19214
(rerunfilecheck)             After:  7982515B63947B5875A698B126BC7061;19524.
 ) 
Here is how much of TeX's memory you used:
 27901 strings out of 474116
 522180 string characters out of 5743682
 1947187 words of memory out of 5000000
 49337 multiletter control sequences out of 15000+600000
 572177 words of font info for 73 fonts, out of 8000000 for 9000
 1141 hyphenation exceptions out of 8191
 94i,10n,93p,515b,920s stack positions out of 10000i,1000n,20000p,200000b,200000s
</usr/local/texlive/2024/texmf-dist/fonts/type1/public/amsfonts/cm/cmex10.pfb
></usr/local/texlive/2024/texmf-dist/fonts/type1/public/amsfonts/cm/cmmi10.pfb>
</usr/local/texlive/2024/texmf-dist/fonts/type1/public/amsfonts/cm/cmmi8.pfb></
usr/local/texlive/2024/texmf-dist/fonts/type1/public/amsfonts/cm/cmr10.pfb></us
r/local/texlive/2024/texmf-dist/fonts/type1/public/amsfonts/cm/cmr6.pfb></usr/l
ocal/texlive/2024/texmf-dist/fonts/type1/public/amsfonts/cm/cmr8.pfb></usr/loca
l/texlive/2024/texmf-dist/fonts/type1/public/amsfonts/cm/cmsy10.pfb></usr/local
/texlive/2024/texmf-dist/fonts/type1/public/amsfonts/cm/cmsy8.pfb></usr/local/t
exlive/2024/texmf-dist/fonts/type1/public/amsfonts/symbols/msbm10.pfb></usr/loc
al/texlive/2024/texmf-dist/fonts/type1/public/cm-super/sfbx1095.pfb></usr/local
/texlive/2024/texmf-dist/fonts/type1/public/cm-super/sfbx1200.pfb></usr/local/t
exlive/2024/texmf-dist/fonts/type1/public/cm-super/sfbx1440.pfb></usr/local/tex
live/2024/texmf-dist/fonts/type1/public/cm-super/sfrm0800.pfb></usr/local/texli
ve/2024/texmf-dist/fonts/type1/public/cm-super/sfrm1095.pfb></usr/local/texlive
/2024/texmf-dist/fonts/type1/public/cm-super/sfrm1200.pfb></usr/local/texlive/2
024/texmf-dist/fonts/type1/public/cm-super/sfrm1728.pfb></usr/local/texlive/202
4/texmf-dist/fonts/type1/public/cm-super/sfti1095.pfb></usr/local/texlive/2024/
texmf-dist/fonts/type1/public/cm-super/sftt1095.pfb>
Output written on mlnrs.pdf (72 pages, 471419 bytes).
PDF statistics:
 1483 PDF objects out of 1728 (max. 8388607)
 1357 compressed objects within 14 object streams
 358 named destinations out of 1000 (max. 500000)
 797 words of extra memory for PDF output out of 10000 (max. 10000000)

